{"D:\\Loboy\\Proyectos\\Talent IA\\backend\\src\\config\\database.js": {"path":"D:\\Loboy\\Proyectos\\Talent IA\\backend\\src\\config\\database.js","statementMap":{"0":{"start":{"line":1,"column":17},"end":{"line":1,"column":30}},"1":{"start":{"line":2,"column":0},"end":{"line":2,"column":27}},"2":{"start":{"line":4,"column":13},"end":{"line":10,"column":2}},"3":{"start":{"line":12,"column":0},"end":{"line":14,"column":3}},"4":{"start":{"line":13,"column":2},"end":{"line":13,"column":48}},"5":{"start":{"line":16,"column":0},"end":{"line":16,"column":22}}},"fnMap":{"0":{"name":"(anonymous_0)","decl":{"start":{"line":12,"column":17},"end":{"line":12,"column":18}},"loc":{"start":{"line":12,"column":26},"end":{"line":14,"column":1}},"line":12}},"branchMap":{},"s":{"0":0,"1":0,"2":0,"3":0,"4":0,"5":0},"f":{"0":0},"b":{}}
,"D:\\Loboy\\Proyectos\\Talent IA\\backend\\src\\controllers\\authController.js": {"path":"D:\\Loboy\\Proyectos\\Talent IA\\backend\\src\\controllers\\authController.js","statementMap":{"0":{"start":{"line":1,"column":15},"end":{"line":1,"column":34}},"1":{"start":{"line":2,"column":12},"end":{"line":2,"column":35}},"2":{"start":{"line":3,"column":13},"end":{"line":3,"column":42}},"3":{"start":{"line":4,"column":34},"end":{"line":4,"column":80}},"4":{"start":{"line":7,"column":0},"end":{"line":65,"column":2}},"5":{"start":{"line":8,"column":2},"end":{"line":64,"column":3}},"6":{"start":{"line":9,"column":59},"end":{"line":9,"column":67}},"7":{"start":{"line":12,"column":4},"end":{"line":16,"column":5}},"8":{"start":{"line":13,"column":6},"end":{"line":15,"column":9}},"9":{"start":{"line":19,"column":4},"end":{"line":23,"column":5}},"10":{"start":{"line":20,"column":6},"end":{"line":22,"column":9}},"11":{"start":{"line":26,"column":23},"end":{"line":29,"column":5}},"12":{"start":{"line":31,"column":4},"end":{"line":35,"column":5}},"13":{"start":{"line":32,"column":6},"end":{"line":34,"column":9}},"14":{"start":{"line":38,"column":27},"end":{"line":38,"column":58}},"15":{"start":{"line":41,"column":19},"end":{"line":44,"column":5}},"16":{"start":{"line":46,"column":17},"end":{"line":46,"column":31}},"17":{"start":{"line":48,"column":4},"end":{"line":57,"column":7}},"18":{"start":{"line":59,"column":4},"end":{"line":59,"column":47}},"19":{"start":{"line":60,"column":4},"end":{"line":63,"column":7}},"20":{"start":{"line":68,"column":0},"end":{"line":149,"column":2}},"21":{"start":{"line":69,"column":2},"end":{"line":148,"column":3}},"22":{"start":{"line":70,"column":32},"end":{"line":70,"column":40}},"23":{"start":{"line":73,"column":4},"end":{"line":77,"column":5}},"24":{"start":{"line":74,"column":6},"end":{"line":76,"column":9}},"25":{"start":{"line":80,"column":19},"end":{"line":83,"column":5}},"26":{"start":{"line":85,"column":4},"end":{"line":89,"column":5}},"27":{"start":{"line":86,"column":6},"end":{"line":88,"column":9}},"28":{"start":{"line":91,"column":17},"end":{"line":91,"column":31}},"29":{"start":{"line":94,"column":26},"end":{"line":94,"column":76}},"30":{"start":{"line":96,"column":4},"end":{"line":100,"column":5}},"31":{"start":{"line":97,"column":6},"end":{"line":99,"column":9}},"32":{"start":{"line":103,"column":24},"end":{"line":103,"column":56}},"33":{"start":{"line":104,"column":25},"end":{"line":104,"column":41}},"34":{"start":{"line":107,"column":4},"end":{"line":121,"column":5}},"35":{"start":{"line":108,"column":30},"end":{"line":112,"column":7}},"36":{"start":{"line":114,"column":6},"end":{"line":117,"column":10}},"37":{"start":{"line":116,"column":41},"end":{"line":116,"column":57}},"38":{"start":{"line":120,"column":6},"end":{"line":120,"column":79}},"39":{"start":{"line":124,"column":18},"end":{"line":128,"column":5}},"40":{"start":{"line":130,"column":4},"end":{"line":141,"column":7}},"41":{"start":{"line":143,"column":4},"end":{"line":143,"column":44}},"42":{"start":{"line":144,"column":4},"end":{"line":147,"column":7}}},"fnMap":{"0":{"name":"(anonymous_0)","decl":{"start":{"line":7,"column":19},"end":{"line":7,"column":20}},"loc":{"start":{"line":7,"column":39},"end":{"line":65,"column":1}},"line":7},"1":{"name":"(anonymous_1)","decl":{"start":{"line":68,"column":16},"end":{"line":68,"column":17}},"loc":{"start":{"line":68,"column":36},"end":{"line":149,"column":1}},"line":68},"2":{"name":"(anonymous_2)","decl":{"start":{"line":116,"column":36},"end":{"line":116,"column":37}},"loc":{"start":{"line":116,"column":41},"end":{"line":116,"column":57}},"line":116}},"branchMap":{"0":{"loc":{"start":{"line":12,"column":4},"end":{"line":16,"column":5}},"type":"if","locations":[{"start":{"line":12,"column":4},"end":{"line":16,"column":5}},{"start":{},"end":{}}],"line":12},"1":{"loc":{"start":{"line":12,"column":8},"end":{"line":12,"column":63}},"type":"binary-expr","locations":[{"start":{"line":12,"column":8},"end":{"line":12,"column":14}},{"start":{"line":12,"column":18},"end":{"line":12,"column":27}},{"start":{"line":12,"column":31},"end":{"line":12,"column":41}},{"start":{"line":12,"column":45},"end":{"line":12,"column":54}},{"start":{"line":12,"column":58},"end":{"line":12,"column":63}}],"line":12},"2":{"loc":{"start":{"line":19,"column":4},"end":{"line":23,"column":5}},"type":"if","locations":[{"start":{"line":19,"column":4},"end":{"line":23,"column":5}},{"start":{},"end":{}}],"line":19},"3":{"loc":{"start":{"line":31,"column":4},"end":{"line":35,"column":5}},"type":"if","locations":[{"start":{"line":31,"column":4},"end":{"line":35,"column":5}},{"start":{},"end":{}}],"line":31},"4":{"loc":{"start":{"line":73,"column":4},"end":{"line":77,"column":5}},"type":"if","locations":[{"start":{"line":73,"column":4},"end":{"line":77,"column":5}},{"start":{},"end":{}}],"line":73},"5":{"loc":{"start":{"line":73,"column":8},"end":{"line":73,"column":27}},"type":"binary-expr","locations":[{"start":{"line":73,"column":8},"end":{"line":73,"column":14}},{"start":{"line":73,"column":18},"end":{"line":73,"column":27}}],"line":73},"6":{"loc":{"start":{"line":85,"column":4},"end":{"line":89,"column":5}},"type":"if","locations":[{"start":{"line":85,"column":4},"end":{"line":89,"column":5}},{"start":{},"end":{}}],"line":85},"7":{"loc":{"start":{"line":96,"column":4},"end":{"line":100,"column":5}},"type":"if","locations":[{"start":{"line":96,"column":4},"end":{"line":100,"column":5}},{"start":{},"end":{}}],"line":96}},"s":{"0":0,"1":0,"2":0,"3":0,"4":0,"5":0,"6":0,"7":0,"8":0,"9":0,"10":0,"11":0,"12":0,"13":0,"14":0,"15":0,"16":0,"17":0,"18":0,"19":0,"20":0,"21":0,"22":0,"23":0,"24":0,"25":0,"26":0,"27":0,"28":0,"29":0,"30":0,"31":0,"32":0,"33":0,"34":0,"35":0,"36":0,"37":0,"38":0,"39":0,"40":0,"41":0,"42":0},"f":{"0":0,"1":0,"2":0},"b":{"0":[0,0],"1":[0,0,0,0,0],"2":[0,0],"3":[0,0],"4":[0,0],"5":[0,0],"6":[0,0],"7":[0,0]}}
,"D:\\Loboy\\Proyectos\\Talent IA\\backend\\src\\controllers\\bulkActionsController.js": {"path":"D:\\Loboy\\Proyectos\\Talent IA\\backend\\src\\controllers\\bulkActionsController.js","statementMap":{"0":{"start":{"line":1,"column":13},"end":{"line":1,"column":42}},"1":{"start":{"line":4,"column":21},"end":{"line":19,"column":1}},"2":{"start":{"line":5,"column":21},"end":{"line":5,"column":38}},"3":{"start":{"line":6,"column":18},"end":{"line":17,"column":3}},"4":{"start":{"line":7,"column":4},"end":{"line":16,"column":16}},"5":{"start":{"line":8,"column":20},"end":{"line":8,"column":31}},"6":{"start":{"line":9,"column":6},"end":{"line":11,"column":7}},"7":{"start":{"line":10,"column":8},"end":{"line":10,"column":18}},"8":{"start":{"line":12,"column":6},"end":{"line":14,"column":7}},"9":{"start":{"line":13,"column":8},"end":{"line":13,"column":48}},"10":{"start":{"line":15,"column":6},"end":{"line":15,"column":19}},"11":{"start":{"line":18,"column":2},"end":{"line":18,"column":45}},"12":{"start":{"line":22,"column":38},"end":{"line":85,"column":1}},"13":{"start":{"line":23,"column":46},"end":{"line":23,"column":54}},"14":{"start":{"line":25,"column":2},"end":{"line":27,"column":3}},"15":{"start":{"line":26,"column":4},"end":{"line":26,"column":86}},"16":{"start":{"line":29,"column":2},"end":{"line":31,"column":3}},"17":{"start":{"line":30,"column":4},"end":{"line":30,"column":69}},"18":{"start":{"line":33,"column":2},"end":{"line":84,"column":3}},"19":{"start":{"line":34,"column":20},"end":{"line":34,"column":22}},"20":{"start":{"line":35,"column":19},"end":{"line":35,"column":21}},"21":{"start":{"line":37,"column":4},"end":{"line":72,"column":5}},"22":{"start":{"line":38,"column":6},"end":{"line":71,"column":7}},"23":{"start":{"line":40,"column":31},"end":{"line":43,"column":9}},"24":{"start":{"line":45,"column":8},"end":{"line":51,"column":9}},"25":{"start":{"line":46,"column":10},"end":{"line":49,"column":13}},"26":{"start":{"line":50,"column":10},"end":{"line":50,"column":19}},"27":{"start":{"line":54,"column":29},"end":{"line":59,"column":9}},"28":{"start":{"line":61,"column":8},"end":{"line":65,"column":11}},"29":{"start":{"line":67,"column":8},"end":{"line":70,"column":11}},"30":{"start":{"line":74,"column":4},"end":{"line":80,"column":7}},"31":{"start":{"line":82,"column":4},"end":{"line":82,"column":50}},"32":{"start":{"line":83,"column":4},"end":{"line":83,"column":67}},"33":{"start":{"line":88,"column":28},"end":{"line":160,"column":1}},"34":{"start":{"line":89,"column":63},"end":{"line":89,"column":71}},"35":{"start":{"line":91,"column":2},"end":{"line":93,"column":3}},"36":{"start":{"line":92,"column":4},"end":{"line":92,"column":93}},"37":{"start":{"line":95,"column":2},"end":{"line":159,"column":3}},"38":{"start":{"line":96,"column":20},"end":{"line":96,"column":22}},"39":{"start":{"line":97,"column":19},"end":{"line":97,"column":21}},"40":{"start":{"line":99,"column":4},"end":{"line":147,"column":5}},"41":{"start":{"line":100,"column":6},"end":{"line":146,"column":7}},"42":{"start":{"line":102,"column":27},"end":{"line":109,"column":9}},"43":{"start":{"line":111,"column":8},"end":{"line":117,"column":9}},"44":{"start":{"line":112,"column":10},"end":{"line":115,"column":13}},"45":{"start":{"line":116,"column":10},"end":{"line":116,"column":19}},"46":{"start":{"line":119,"column":45},"end":{"line":119,"column":63}},"47":{"start":{"line":122,"column":28},"end":{"line":122,"column":97}},"48":{"start":{"line":125,"column":8},"end":{"line":128,"column":10}},"49":{"start":{"line":133,"column":8},"end":{"line":140,"column":11}},"50":{"start":{"line":142,"column":8},"end":{"line":145,"column":11}},"51":{"start":{"line":149,"column":4},"end":{"line":155,"column":7}},"52":{"start":{"line":157,"column":4},"end":{"line":157,"column":60}},"53":{"start":{"line":158,"column":4},"end":{"line":158,"column":68}},"54":{"start":{"line":163,"column":30},"end":{"line":219,"column":1}},"55":{"start":{"line":164,"column":38},"end":{"line":164,"column":46}},"56":{"start":{"line":166,"column":2},"end":{"line":218,"column":3}},"57":{"start":{"line":167,"column":16},"end":{"line":179,"column":5}},"58":{"start":{"line":180,"column":19},"end":{"line":180,"column":21}},"59":{"start":{"line":182,"column":4},"end":{"line":185,"column":5}},"60":{"start":{"line":183,"column":6},"end":{"line":183,"column":56}},"61":{"start":{"line":184,"column":6},"end":{"line":184,"column":32}},"62":{"start":{"line":187,"column":4},"end":{"line":190,"column":5}},"63":{"start":{"line":188,"column":6},"end":{"line":188,"column":60}},"64":{"start":{"line":189,"column":6},"end":{"line":189,"column":29}},"65":{"start":{"line":192,"column":4},"end":{"line":192,"column":57}},"66":{"start":{"line":194,"column":19},"end":{"line":194,"column":50}},"67":{"start":{"line":197,"column":20},"end":{"line":197,"column":106}},"68":{"start":{"line":200,"column":26},"end":{"line":208,"column":7}},"69":{"start":{"line":200,"column":50},"end":{"line":208,"column":5}},"70":{"start":{"line":210,"column":16},"end":{"line":210,"column":52}},"71":{"start":{"line":212,"column":4},"end":{"line":212,"column":61}},"72":{"start":{"line":213,"column":4},"end":{"line":213,"column":80}},"73":{"start":{"line":214,"column":4},"end":{"line":214,"column":18}},"74":{"start":{"line":216,"column":4},"end":{"line":216,"column":50}},"75":{"start":{"line":217,"column":4},"end":{"line":217,"column":68}},"76":{"start":{"line":222,"column":29},"end":{"line":244,"column":1}},"77":{"start":{"line":223,"column":27},"end":{"line":223,"column":35}},"78":{"start":{"line":225,"column":2},"end":{"line":227,"column":3}},"79":{"start":{"line":226,"column":4},"end":{"line":226,"column":86}},"80":{"start":{"line":229,"column":2},"end":{"line":243,"column":3}},"81":{"start":{"line":230,"column":19},"end":{"line":233,"column":5}},"82":{"start":{"line":235,"column":4},"end":{"line":239,"column":7}},"83":{"start":{"line":238,"column":39},"end":{"line":238,"column":43}},"84":{"start":{"line":241,"column":4},"end":{"line":241,"column":57}},"85":{"start":{"line":242,"column":4},"end":{"line":242,"column":68}},"86":{"start":{"line":247,"column":35},"end":{"line":278,"column":1}},"87":{"start":{"line":248,"column":45},"end":{"line":248,"column":53}},"88":{"start":{"line":250,"column":2},"end":{"line":252,"column":3}},"89":{"start":{"line":251,"column":4},"end":{"line":251,"column":93}},"90":{"start":{"line":254,"column":2},"end":{"line":258,"column":3}},"91":{"start":{"line":255,"column":4},"end":{"line":257,"column":7}},"92":{"start":{"line":260,"column":2},"end":{"line":277,"column":3}},"93":{"start":{"line":261,"column":19},"end":{"line":267,"column":5}},"94":{"start":{"line":269,"column":4},"end":{"line":273,"column":7}},"95":{"start":{"line":275,"column":4},"end":{"line":275,"column":55}},"96":{"start":{"line":276,"column":4},"end":{"line":276,"column":66}},"97":{"start":{"line":281,"column":35},"end":{"line":321,"column":1}},"98":{"start":{"line":282,"column":32},"end":{"line":282,"column":41}},"99":{"start":{"line":284,"column":2},"end":{"line":320,"column":3}},"100":{"start":{"line":285,"column":16},"end":{"line":296,"column":5}},"101":{"start":{"line":297,"column":19},"end":{"line":297,"column":21}},"102":{"start":{"line":299,"column":4},"end":{"line":302,"column":5}},"103":{"start":{"line":300,"column":6},"end":{"line":300,"column":147}},"104":{"start":{"line":301,"column":6},"end":{"line":301,"column":33}},"105":{"start":{"line":304,"column":4},"end":{"line":307,"column":5}},"106":{"start":{"line":305,"column":6},"end":{"line":305,"column":122}},"107":{"start":{"line":306,"column":6},"end":{"line":306,"column":29}},"108":{"start":{"line":309,"column":4},"end":{"line":309,"column":67}},"109":{"start":{"line":311,"column":19},"end":{"line":311,"column":50}},"110":{"start":{"line":313,"column":4},"end":{"line":316,"column":7}},"111":{"start":{"line":318,"column":4},"end":{"line":318,"column":57}},"112":{"start":{"line":319,"column":4},"end":{"line":319,"column":67}},"113":{"start":{"line":323,"column":0},"end":{"line":330,"column":2}}},"fnMap":{"0":{"name":"(anonymous_0)","decl":{"start":{"line":4,"column":21},"end":{"line":4,"column":22}},"loc":{"start":{"line":4,"column":40},"end":{"line":19,"column":1}},"line":4},"1":{"name":"(anonymous_1)","decl":{"start":{"line":6,"column":27},"end":{"line":6,"column":28}},"loc":{"start":{"line":7,"column":4},"end":{"line":16,"column":16}},"line":7},"2":{"name":"(anonymous_2)","decl":{"start":{"line":7,"column":16},"end":{"line":7,"column":17}},"loc":{"start":{"line":7,"column":26},"end":{"line":16,"column":5}},"line":7},"3":{"name":"(anonymous_3)","decl":{"start":{"line":22,"column":38},"end":{"line":22,"column":39}},"loc":{"start":{"line":22,"column":58},"end":{"line":85,"column":1}},"line":22},"4":{"name":"(anonymous_4)","decl":{"start":{"line":88,"column":28},"end":{"line":88,"column":29}},"loc":{"start":{"line":88,"column":48},"end":{"line":160,"column":1}},"line":88},"5":{"name":"(anonymous_5)","decl":{"start":{"line":163,"column":30},"end":{"line":163,"column":31}},"loc":{"start":{"line":163,"column":50},"end":{"line":219,"column":1}},"line":163},"6":{"name":"(anonymous_6)","decl":{"start":{"line":200,"column":42},"end":{"line":200,"column":43}},"loc":{"start":{"line":200,"column":50},"end":{"line":208,"column":5}},"line":200},"7":{"name":"(anonymous_7)","decl":{"start":{"line":222,"column":29},"end":{"line":222,"column":30}},"loc":{"start":{"line":222,"column":49},"end":{"line":244,"column":1}},"line":222},"8":{"name":"(anonymous_8)","decl":{"start":{"line":238,"column":34},"end":{"line":238,"column":35}},"loc":{"start":{"line":238,"column":39},"end":{"line":238,"column":43}},"line":238},"9":{"name":"(anonymous_9)","decl":{"start":{"line":247,"column":35},"end":{"line":247,"column":36}},"loc":{"start":{"line":247,"column":55},"end":{"line":278,"column":1}},"line":247},"10":{"name":"(anonymous_10)","decl":{"start":{"line":281,"column":35},"end":{"line":281,"column":36}},"loc":{"start":{"line":281,"column":55},"end":{"line":321,"column":1}},"line":281}},"branchMap":{"0":{"loc":{"start":{"line":9,"column":6},"end":{"line":11,"column":7}},"type":"if","locations":[{"start":{"line":9,"column":6},"end":{"line":11,"column":7}},{"start":{},"end":{}}],"line":9},"1":{"loc":{"start":{"line":9,"column":10},"end":{"line":9,"column":47}},"type":"binary-expr","locations":[{"start":{"line":9,"column":10},"end":{"line":9,"column":24}},{"start":{"line":9,"column":28},"end":{"line":9,"column":47}}],"line":9},"2":{"loc":{"start":{"line":12,"column":6},"end":{"line":14,"column":7}},"type":"if","locations":[{"start":{"line":12,"column":6},"end":{"line":14,"column":7}},{"start":{},"end":{}}],"line":12},"3":{"loc":{"start":{"line":12,"column":10},"end":{"line":12,"column":107}},"type":"binary-expr","locations":[{"start":{"line":12,"column":10},"end":{"line":12,"column":35}},{"start":{"line":12,"column":40},"end":{"line":12,"column":59}},{"start":{"line":12,"column":63},"end":{"line":12,"column":82}},{"start":{"line":12,"column":86},"end":{"line":12,"column":106}}],"line":12},"4":{"loc":{"start":{"line":25,"column":2},"end":{"line":27,"column":3}},"type":"if","locations":[{"start":{"line":25,"column":2},"end":{"line":27,"column":3}},{"start":{},"end":{}}],"line":25},"5":{"loc":{"start":{"line":25,"column":6},"end":{"line":25,"column":80}},"type":"binary-expr","locations":[{"start":{"line":25,"column":6},"end":{"line":25,"column":19}},{"start":{"line":25,"column":23},"end":{"line":25,"column":51}},{"start":{"line":25,"column":55},"end":{"line":25,"column":80}}],"line":25},"6":{"loc":{"start":{"line":29,"column":2},"end":{"line":31,"column":3}},"type":"if","locations":[{"start":{"line":29,"column":2},"end":{"line":31,"column":3}},{"start":{},"end":{}}],"line":29},"7":{"loc":{"start":{"line":45,"column":8},"end":{"line":51,"column":9}},"type":"if","locations":[{"start":{"line":45,"column":8},"end":{"line":51,"column":9}},{"start":{},"end":{}}],"line":45},"8":{"loc":{"start":{"line":79,"column":14},"end":{"line":79,"column":52}},"type":"cond-expr","locations":[{"start":{"line":79,"column":34},"end":{"line":79,"column":40}},{"start":{"line":79,"column":43},"end":{"line":79,"column":52}}],"line":79},"9":{"loc":{"start":{"line":91,"column":2},"end":{"line":93,"column":3}},"type":"if","locations":[{"start":{"line":91,"column":2},"end":{"line":93,"column":3}},{"start":{},"end":{}}],"line":91},"10":{"loc":{"start":{"line":91,"column":6},"end":{"line":91,"column":101}},"type":"binary-expr","locations":[{"start":{"line":91,"column":6},"end":{"line":91,"column":26}},{"start":{"line":91,"column":30},"end":{"line":91,"column":65}},{"start":{"line":91,"column":69},"end":{"line":91,"column":101}}],"line":91},"11":{"loc":{"start":{"line":111,"column":8},"end":{"line":117,"column":9}},"type":"if","locations":[{"start":{"line":111,"column":8},"end":{"line":117,"column":9}},{"start":{},"end":{}}],"line":111},"12":{"loc":{"start":{"line":154,"column":14},"end":{"line":154,"column":52}},"type":"cond-expr","locations":[{"start":{"line":154,"column":34},"end":{"line":154,"column":40}},{"start":{"line":154,"column":43},"end":{"line":154,"column":52}}],"line":154},"13":{"loc":{"start":{"line":182,"column":4},"end":{"line":185,"column":5}},"type":"if","locations":[{"start":{"line":182,"column":4},"end":{"line":185,"column":5}},{"start":{},"end":{}}],"line":182},"14":{"loc":{"start":{"line":182,"column":8},"end":{"line":182,"column":78}},"type":"binary-expr","locations":[{"start":{"line":182,"column":8},"end":{"line":182,"column":20}},{"start":{"line":182,"column":24},"end":{"line":182,"column":51}},{"start":{"line":182,"column":55},"end":{"line":182,"column":78}}],"line":182},"15":{"loc":{"start":{"line":187,"column":4},"end":{"line":190,"column":5}},"type":"if","locations":[{"start":{"line":187,"column":4},"end":{"line":190,"column":5}},{"start":{},"end":{}}],"line":187},"16":{"loc":{"start":{"line":225,"column":2},"end":{"line":227,"column":3}},"type":"if","locations":[{"start":{"line":225,"column":2},"end":{"line":227,"column":3}},{"start":{},"end":{}}],"line":225},"17":{"loc":{"start":{"line":225,"column":6},"end":{"line":225,"column":80}},"type":"binary-expr","locations":[{"start":{"line":225,"column":6},"end":{"line":225,"column":19}},{"start":{"line":225,"column":23},"end":{"line":225,"column":51}},{"start":{"line":225,"column":55},"end":{"line":225,"column":80}}],"line":225},"18":{"loc":{"start":{"line":250,"column":2},"end":{"line":252,"column":3}},"type":"if","locations":[{"start":{"line":250,"column":2},"end":{"line":252,"column":3}},{"start":{},"end":{}}],"line":250},"19":{"loc":{"start":{"line":250,"column":6},"end":{"line":250,"column":101}},"type":"binary-expr","locations":[{"start":{"line":250,"column":6},"end":{"line":250,"column":26}},{"start":{"line":250,"column":30},"end":{"line":250,"column":65}},{"start":{"line":250,"column":69},"end":{"line":250,"column":101}}],"line":250},"20":{"loc":{"start":{"line":254,"column":2},"end":{"line":258,"column":3}},"type":"if","locations":[{"start":{"line":254,"column":2},"end":{"line":258,"column":3}},{"start":{},"end":{}}],"line":254},"21":{"loc":{"start":{"line":254,"column":6},"end":{"line":254,"column":84}},"type":"binary-expr","locations":[{"start":{"line":254,"column":6},"end":{"line":254,"column":16}},{"start":{"line":254,"column":20},"end":{"line":254,"column":84}}],"line":254},"22":{"loc":{"start":{"line":299,"column":4},"end":{"line":302,"column":5}},"type":"if","locations":[{"start":{"line":299,"column":4},"end":{"line":302,"column":5}},{"start":{},"end":{}}],"line":299},"23":{"loc":{"start":{"line":304,"column":4},"end":{"line":307,"column":5}},"type":"if","locations":[{"start":{"line":304,"column":4},"end":{"line":307,"column":5}},{"start":{},"end":{}}],"line":304}},"s":{"0":0,"1":0,"2":0,"3":0,"4":0,"5":0,"6":0,"7":0,"8":0,"9":0,"10":0,"11":0,"12":0,"13":0,"14":0,"15":0,"16":0,"17":0,"18":0,"19":0,"20":0,"21":0,"22":0,"23":0,"24":0,"25":0,"26":0,"27":0,"28":0,"29":0,"30":0,"31":0,"32":0,"33":0,"34":0,"35":0,"36":0,"37":0,"38":0,"39":0,"40":0,"41":0,"42":0,"43":0,"44":0,"45":0,"46":0,"47":0,"48":0,"49":0,"50":0,"51":0,"52":0,"53":0,"54":0,"55":0,"56":0,"57":0,"58":0,"59":0,"60":0,"61":0,"62":0,"63":0,"64":0,"65":0,"66":0,"67":0,"68":0,"69":0,"70":0,"71":0,"72":0,"73":0,"74":0,"75":0,"76":0,"77":0,"78":0,"79":0,"80":0,"81":0,"82":0,"83":0,"84":0,"85":0,"86":0,"87":0,"88":0,"89":0,"90":0,"91":0,"92":0,"93":0,"94":0,"95":0,"96":0,"97":0,"98":0,"99":0,"100":0,"101":0,"102":0,"103":0,"104":0,"105":0,"106":0,"107":0,"108":0,"109":0,"110":0,"111":0,"112":0,"113":0},"f":{"0":0,"1":0,"2":0,"3":0,"4":0,"5":0,"6":0,"7":0,"8":0,"9":0,"10":0},"b":{"0":[0,0],"1":[0,0],"2":[0,0],"3":[0,0,0,0],"4":[0,0],"5":[0,0,0],"6":[0,0],"7":[0,0],"8":[0,0],"9":[0,0],"10":[0,0,0],"11":[0,0],"12":[0,0],"13":[0,0],"14":[0,0,0],"15":[0,0],"16":[0,0],"17":[0,0,0],"18":[0,0],"19":[0,0,0],"20":[0,0],"21":[0,0],"22":[0,0],"23":[0,0]}}
,"D:\\Loboy\\Proyectos\\Talent IA\\backend\\src\\controllers\\candidateController.js": {"path":"D:\\Loboy\\Proyectos\\Talent IA\\backend\\src\\controllers\\candidateController.js","statementMap":{"0":{"start":{"line":1,"column":13},"end":{"line":1,"column":42}},"1":{"start":{"line":4,"column":0},"end":{"line":60,"column":2}},"2":{"start":{"line":5,"column":2},"end":{"line":59,"column":3}},"3":{"start":{"line":6,"column":61},"end":{"line":6,"column":69}},"4":{"start":{"line":9,"column":4},"end":{"line":13,"column":5}},"5":{"start":{"line":10,"column":6},"end":{"line":12,"column":9}},"6":{"start":{"line":16,"column":28},"end":{"line":19,"column":5}},"7":{"start":{"line":21,"column":4},"end":{"line":25,"column":5}},"8":{"start":{"line":22,"column":6},"end":{"line":24,"column":9}},"9":{"start":{"line":28,"column":16},"end":{"line":28,"column":20}},"10":{"start":{"line":29,"column":4},"end":{"line":31,"column":5}},"11":{"start":{"line":30,"column":6},"end":{"line":30,"column":46}},"12":{"start":{"line":34,"column":19},"end":{"line":37,"column":5}},"13":{"start":{"line":39,"column":22},"end":{"line":39,"column":36}},"14":{"start":{"line":41,"column":4},"end":{"line":52,"column":7}},"15":{"start":{"line":54,"column":4},"end":{"line":54,"column":57}},"16":{"start":{"line":55,"column":4},"end":{"line":58,"column":7}},"17":{"start":{"line":63,"column":0},"end":{"line":90,"column":2}},"18":{"start":{"line":64,"column":2},"end":{"line":89,"column":3}},"19":{"start":{"line":65,"column":19},"end":{"line":67,"column":5}},"20":{"start":{"line":69,"column":23},"end":{"line":77,"column":7}},"21":{"start":{"line":69,"column":47},"end":{"line":77,"column":5}},"22":{"start":{"line":79,"column":4},"end":{"line":82,"column":7}},"23":{"start":{"line":84,"column":4},"end":{"line":84,"column":57}},"24":{"start":{"line":85,"column":4},"end":{"line":88,"column":7}},"25":{"start":{"line":93,"column":0},"end":{"line":127,"column":2}},"26":{"start":{"line":94,"column":2},"end":{"line":126,"column":3}},"27":{"start":{"line":95,"column":19},"end":{"line":95,"column":29}},"28":{"start":{"line":97,"column":19},"end":{"line":100,"column":5}},"29":{"start":{"line":102,"column":4},"end":{"line":106,"column":5}},"30":{"start":{"line":103,"column":6},"end":{"line":105,"column":9}},"31":{"start":{"line":108,"column":16},"end":{"line":108,"column":30}},"32":{"start":{"line":109,"column":22},"end":{"line":117,"column":5}},"33":{"start":{"line":119,"column":4},"end":{"line":119,"column":24}},"34":{"start":{"line":121,"column":4},"end":{"line":121,"column":56}},"35":{"start":{"line":122,"column":4},"end":{"line":125,"column":7}},"36":{"start":{"line":130,"column":0},"end":{"line":176,"column":2}},"37":{"start":{"line":131,"column":2},"end":{"line":175,"column":3}},"38":{"start":{"line":132,"column":26},"end":{"line":132,"column":36}},"39":{"start":{"line":134,"column":19},"end":{"line":150,"column":5}},"40":{"start":{"line":152,"column":23},"end":{"line":162,"column":7}},"41":{"start":{"line":152,"column":47},"end":{"line":162,"column":5}},"42":{"start":{"line":164,"column":4},"end":{"line":168,"column":7}},"43":{"start":{"line":170,"column":4},"end":{"line":170,"column":68}},"44":{"start":{"line":171,"column":4},"end":{"line":174,"column":7}},"45":{"start":{"line":179,"column":0},"end":{"line":248,"column":2}},"46":{"start":{"line":180,"column":2},"end":{"line":247,"column":3}},"47":{"start":{"line":181,"column":39},"end":{"line":181,"column":47}},"48":{"start":{"line":183,"column":4},"end":{"line":187,"column":5}},"49":{"start":{"line":184,"column":6},"end":{"line":186,"column":9}},"50":{"start":{"line":190,"column":28},"end":{"line":193,"column":5}},"51":{"start":{"line":195,"column":4},"end":{"line":199,"column":5}},"52":{"start":{"line":196,"column":6},"end":{"line":198,"column":9}},"53":{"start":{"line":202,"column":26},"end":{"line":205,"column":5}},"54":{"start":{"line":207,"column":4},"end":{"line":211,"column":5}},"55":{"start":{"line":208,"column":6},"end":{"line":210,"column":9}},"56":{"start":{"line":214,"column":27},"end":{"line":217,"column":5}},"57":{"start":{"line":219,"column":4},"end":{"line":223,"column":5}},"58":{"start":{"line":220,"column":6},"end":{"line":222,"column":9}},"59":{"start":{"line":226,"column":19},"end":{"line":229,"column":5}},"60":{"start":{"line":231,"column":4},"end":{"line":240,"column":7}},"61":{"start":{"line":242,"column":4},"end":{"line":242,"column":55}},"62":{"start":{"line":243,"column":4},"end":{"line":246,"column":7}},"63":{"start":{"line":251,"column":0},"end":{"line":292,"column":2}},"64":{"start":{"line":252,"column":2},"end":{"line":291,"column":3}},"65":{"start":{"line":253,"column":39},"end":{"line":253,"column":47}},"66":{"start":{"line":255,"column":4},"end":{"line":259,"column":5}},"67":{"start":{"line":256,"column":6},"end":{"line":258,"column":9}},"68":{"start":{"line":262,"column":27},"end":{"line":265,"column":5}},"69":{"start":{"line":267,"column":4},"end":{"line":273,"column":5}},"70":{"start":{"line":269,"column":6},"end":{"line":272,"column":9}},"71":{"start":{"line":276,"column":19},"end":{"line":279,"column":5}},"72":{"start":{"line":281,"column":4},"end":{"line":284,"column":7}},"73":{"start":{"line":286,"column":4},"end":{"line":286,"column":53}},"74":{"start":{"line":287,"column":4},"end":{"line":290,"column":7}}},"fnMap":{"0":{"name":"(anonymous_0)","decl":{"start":{"line":4,"column":28},"end":{"line":4,"column":29}},"loc":{"start":{"line":4,"column":48},"end":{"line":60,"column":1}},"line":4},"1":{"name":"(anonymous_1)","decl":{"start":{"line":63,"column":24},"end":{"line":63,"column":25}},"loc":{"start":{"line":63,"column":44},"end":{"line":90,"column":1}},"line":63},"2":{"name":"(anonymous_2)","decl":{"start":{"line":69,"column":39},"end":{"line":69,"column":40}},"loc":{"start":{"line":69,"column":47},"end":{"line":77,"column":5}},"line":69},"3":{"name":"(anonymous_3)","decl":{"start":{"line":93,"column":27},"end":{"line":93,"column":28}},"loc":{"start":{"line":93,"column":47},"end":{"line":127,"column":1}},"line":93},"4":{"name":"(anonymous_4)","decl":{"start":{"line":130,"column":33},"end":{"line":130,"column":34}},"loc":{"start":{"line":130,"column":53},"end":{"line":176,"column":1}},"line":130},"5":{"name":"(anonymous_5)","decl":{"start":{"line":152,"column":39},"end":{"line":152,"column":40}},"loc":{"start":{"line":152,"column":47},"end":{"line":162,"column":5}},"line":152},"6":{"name":"(anonymous_6)","decl":{"start":{"line":179,"column":26},"end":{"line":179,"column":27}},"loc":{"start":{"line":179,"column":46},"end":{"line":248,"column":1}},"line":179},"7":{"name":"(anonymous_7)","decl":{"start":{"line":251,"column":24},"end":{"line":251,"column":25}},"loc":{"start":{"line":251,"column":44},"end":{"line":292,"column":1}},"line":251}},"branchMap":{"0":{"loc":{"start":{"line":9,"column":4},"end":{"line":13,"column":5}},"type":"if","locations":[{"start":{"line":9,"column":4},"end":{"line":13,"column":5}},{"start":{},"end":{}}],"line":9},"1":{"loc":{"start":{"line":9,"column":8},"end":{"line":9,"column":41}},"type":"binary-expr","locations":[{"start":{"line":9,"column":8},"end":{"line":9,"column":18}},{"start":{"line":9,"column":22},"end":{"line":9,"column":31}},{"start":{"line":9,"column":35},"end":{"line":9,"column":41}}],"line":9},"2":{"loc":{"start":{"line":21,"column":4},"end":{"line":25,"column":5}},"type":"if","locations":[{"start":{"line":21,"column":4},"end":{"line":25,"column":5}},{"start":{},"end":{}}],"line":21},"3":{"loc":{"start":{"line":29,"column":4},"end":{"line":31,"column":5}},"type":"if","locations":[{"start":{"line":29,"column":4},"end":{"line":31,"column":5}},{"start":{},"end":{}}],"line":29},"4":{"loc":{"start":{"line":102,"column":4},"end":{"line":106,"column":5}},"type":"if","locations":[{"start":{"line":102,"column":4},"end":{"line":106,"column":5}},{"start":{},"end":{}}],"line":102},"5":{"loc":{"start":{"line":183,"column":4},"end":{"line":187,"column":5}},"type":"if","locations":[{"start":{"line":183,"column":4},"end":{"line":187,"column":5}},{"start":{},"end":{}}],"line":183},"6":{"loc":{"start":{"line":183,"column":8},"end":{"line":183,"column":34}},"type":"binary-expr","locations":[{"start":{"line":183,"column":8},"end":{"line":183,"column":20}},{"start":{"line":183,"column":24},"end":{"line":183,"column":34}}],"line":183},"7":{"loc":{"start":{"line":195,"column":4},"end":{"line":199,"column":5}},"type":"if","locations":[{"start":{"line":195,"column":4},"end":{"line":199,"column":5}},{"start":{},"end":{}}],"line":195},"8":{"loc":{"start":{"line":207,"column":4},"end":{"line":211,"column":5}},"type":"if","locations":[{"start":{"line":207,"column":4},"end":{"line":211,"column":5}},{"start":{},"end":{}}],"line":207},"9":{"loc":{"start":{"line":219,"column":4},"end":{"line":223,"column":5}},"type":"if","locations":[{"start":{"line":219,"column":4},"end":{"line":223,"column":5}},{"start":{},"end":{}}],"line":219},"10":{"loc":{"start":{"line":255,"column":4},"end":{"line":259,"column":5}},"type":"if","locations":[{"start":{"line":255,"column":4},"end":{"line":259,"column":5}},{"start":{},"end":{}}],"line":255},"11":{"loc":{"start":{"line":255,"column":8},"end":{"line":255,"column":34}},"type":"binary-expr","locations":[{"start":{"line":255,"column":8},"end":{"line":255,"column":20}},{"start":{"line":255,"column":24},"end":{"line":255,"column":34}}],"line":255},"12":{"loc":{"start":{"line":267,"column":4},"end":{"line":273,"column":5}},"type":"if","locations":[{"start":{"line":267,"column":4},"end":{"line":273,"column":5}},{"start":{},"end":{}}],"line":267}},"s":{"0":0,"1":0,"2":0,"3":0,"4":0,"5":0,"6":0,"7":0,"8":0,"9":0,"10":0,"11":0,"12":0,"13":0,"14":0,"15":0,"16":0,"17":0,"18":0,"19":0,"20":0,"21":0,"22":0,"23":0,"24":0,"25":0,"26":0,"27":0,"28":0,"29":0,"30":0,"31":0,"32":0,"33":0,"34":0,"35":0,"36":0,"37":0,"38":0,"39":0,"40":0,"41":0,"42":0,"43":0,"44":0,"45":0,"46":0,"47":0,"48":0,"49":0,"50":0,"51":0,"52":0,"53":0,"54":0,"55":0,"56":0,"57":0,"58":0,"59":0,"60":0,"61":0,"62":0,"63":0,"64":0,"65":0,"66":0,"67":0,"68":0,"69":0,"70":0,"71":0,"72":0,"73":0,"74":0},"f":{"0":0,"1":0,"2":0,"3":0,"4":0,"5":0,"6":0,"7":0},"b":{"0":[0,0],"1":[0,0,0],"2":[0,0],"3":[0,0],"4":[0,0],"5":[0,0],"6":[0,0],"7":[0,0],"8":[0,0],"9":[0,0],"10":[0,0],"11":[0,0],"12":[0,0]}}
,"D:\\Loboy\\Proyectos\\Talent IA\\backend\\src\\controllers\\candidateDashboardController.js": {"path":"D:\\Loboy\\Proyectos\\Talent IA\\backend\\src\\controllers\\candidateDashboardController.js","statementMap":{"0":{"start":{"line":1,"column":13},"end":{"line":1,"column":42}},"1":{"start":{"line":4,"column":37},"end":{"line":42,"column":1}},"2":{"start":{"line":5,"column":26},"end":{"line":5,"column":36}},"3":{"start":{"line":7,"column":2},"end":{"line":41,"column":3}},"4":{"start":{"line":8,"column":19},"end":{"line":31,"column":21}},"5":{"start":{"line":33,"column":4},"end":{"line":35,"column":5}},"6":{"start":{"line":34,"column":6},"end":{"line":34,"column":72}},"7":{"start":{"line":37,"column":4},"end":{"line":37,"column":45}},"8":{"start":{"line":39,"column":4},"end":{"line":39,"column":67}},"9":{"start":{"line":40,"column":4},"end":{"line":40,"column":77}},"10":{"start":{"line":45,"column":38},"end":{"line":75,"column":1}},"11":{"start":{"line":46,"column":26},"end":{"line":46,"column":36}},"12":{"start":{"line":48,"column":2},"end":{"line":74,"column":3}},"13":{"start":{"line":49,"column":19},"end":{"line":65,"column":21}},"14":{"start":{"line":67,"column":4},"end":{"line":70,"column":7}},"15":{"start":{"line":72,"column":4},"end":{"line":72,"column":72}},"16":{"start":{"line":73,"column":4},"end":{"line":73,"column":66}},"17":{"start":{"line":78,"column":38},"end":{"line":174,"column":1}},"18":{"start":{"line":79,"column":46},"end":{"line":79,"column":56}},"19":{"start":{"line":81,"column":2},"end":{"line":173,"column":3}},"20":{"start":{"line":83,"column":23},"end":{"line":98,"column":41}},"21":{"start":{"line":100,"column":4},"end":{"line":102,"column":5}},"22":{"start":{"line":101,"column":6},"end":{"line":101,"column":73}},"23":{"start":{"line":104,"column":23},"end":{"line":104,"column":41}},"24":{"start":{"line":107,"column":26},"end":{"line":120,"column":28}},"25":{"start":{"line":123,"column":31},"end":{"line":123,"column":33}},"26":{"start":{"line":124,"column":4},"end":{"line":136,"column":7}},"27":{"start":{"line":125,"column":6},"end":{"line":131,"column":7}},"28":{"start":{"line":126,"column":8},"end":{"line":130,"column":10}},"29":{"start":{"line":132,"column":6},"end":{"line":135,"column":9}},"30":{"start":{"line":138,"column":25},"end":{"line":138,"column":58}},"31":{"start":{"line":141,"column":29},"end":{"line":146,"column":7}},"32":{"start":{"line":141,"column":55},"end":{"line":146,"column":5}},"33":{"start":{"line":148,"column":4},"end":{"line":169,"column":7}},"34":{"start":{"line":171,"column":4},"end":{"line":171,"column":57}},"35":{"start":{"line":172,"column":4},"end":{"line":172,"column":67}},"36":{"start":{"line":177,"column":28},"end":{"line":252,"column":1}},"37":{"start":{"line":178,"column":26},"end":{"line":178,"column":36}},"38":{"start":{"line":180,"column":2},"end":{"line":251,"column":3}},"39":{"start":{"line":181,"column":28},"end":{"line":191,"column":21}},"40":{"start":{"line":193,"column":4},"end":{"line":195,"column":5}},"41":{"start":{"line":194,"column":6},"end":{"line":194,"column":72}},"42":{"start":{"line":197,"column":22},"end":{"line":197,"column":45}},"43":{"start":{"line":200,"column":24},"end":{"line":208,"column":21}},"44":{"start":{"line":210,"column":18},"end":{"line":210,"column":43}},"45":{"start":{"line":213,"column":25},"end":{"line":226,"column":21}},"46":{"start":{"line":228,"column":29},"end":{"line":228,"column":57}},"47":{"start":{"line":230,"column":4},"end":{"line":247,"column":7}},"48":{"start":{"line":249,"column":4},"end":{"line":249,"column":54}},"49":{"start":{"line":250,"column":4},"end":{"line":250,"column":64}},"50":{"start":{"line":254,"column":0},"end":{"line":259,"column":2}}},"fnMap":{"0":{"name":"(anonymous_0)","decl":{"start":{"line":4,"column":37},"end":{"line":4,"column":38}},"loc":{"start":{"line":4,"column":57},"end":{"line":42,"column":1}},"line":4},"1":{"name":"(anonymous_1)","decl":{"start":{"line":45,"column":38},"end":{"line":45,"column":39}},"loc":{"start":{"line":45,"column":58},"end":{"line":75,"column":1}},"line":45},"2":{"name":"(anonymous_2)","decl":{"start":{"line":78,"column":38},"end":{"line":78,"column":39}},"loc":{"start":{"line":78,"column":58},"end":{"line":174,"column":1}},"line":78},"3":{"name":"(anonymous_3)","decl":{"start":{"line":124,"column":31},"end":{"line":124,"column":32}},"loc":{"start":{"line":124,"column":38},"end":{"line":136,"column":5}},"line":124},"4":{"name":"(anonymous_4)","decl":{"start":{"line":141,"column":46},"end":{"line":141,"column":47}},"loc":{"start":{"line":141,"column":55},"end":{"line":146,"column":5}},"line":141},"5":{"name":"(anonymous_5)","decl":{"start":{"line":177,"column":28},"end":{"line":177,"column":29}},"loc":{"start":{"line":177,"column":48},"end":{"line":252,"column":1}},"line":177}},"branchMap":{"0":{"loc":{"start":{"line":33,"column":4},"end":{"line":35,"column":5}},"type":"if","locations":[{"start":{"line":33,"column":4},"end":{"line":35,"column":5}},{"start":{},"end":{}}],"line":33},"1":{"loc":{"start":{"line":100,"column":4},"end":{"line":102,"column":5}},"type":"if","locations":[{"start":{"line":100,"column":4},"end":{"line":102,"column":5}},{"start":{},"end":{}}],"line":100},"2":{"loc":{"start":{"line":125,"column":6},"end":{"line":131,"column":7}},"type":"if","locations":[{"start":{"line":125,"column":6},"end":{"line":131,"column":7}},{"start":{},"end":{}}],"line":125},"3":{"loc":{"start":{"line":193,"column":4},"end":{"line":195,"column":5}},"type":"if","locations":[{"start":{"line":193,"column":4},"end":{"line":195,"column":5}},{"start":{},"end":{}}],"line":193},"4":{"loc":{"start":{"line":210,"column":18},"end":{"line":210,"column":43}},"type":"binary-expr","locations":[{"start":{"line":210,"column":18},"end":{"line":210,"column":37}},{"start":{"line":210,"column":41},"end":{"line":210,"column":43}}],"line":210},"5":{"loc":{"start":{"line":228,"column":29},"end":{"line":228,"column":57}},"type":"binary-expr","locations":[{"start":{"line":228,"column":29},"end":{"line":228,"column":49}},{"start":{"line":228,"column":53},"end":{"line":228,"column":57}}],"line":228},"6":{"loc":{"start":{"line":239,"column":26},"end":{"line":239,"column":64}},"type":"binary-expr","locations":[{"start":{"line":239,"column":26},"end":{"line":239,"column":59}},{"start":{"line":239,"column":63},"end":{"line":239,"column":64}}],"line":239},"7":{"loc":{"start":{"line":240,"column":30},"end":{"line":240,"column":72}},"type":"binary-expr","locations":[{"start":{"line":240,"column":30},"end":{"line":240,"column":67}},{"start":{"line":240,"column":71},"end":{"line":240,"column":72}}],"line":240},"8":{"loc":{"start":{"line":241,"column":31},"end":{"line":241,"column":75}},"type":"binary-expr","locations":[{"start":{"line":241,"column":31},"end":{"line":241,"column":70}},{"start":{"line":241,"column":74},"end":{"line":241,"column":75}}],"line":241},"9":{"loc":{"start":{"line":242,"column":31},"end":{"line":242,"column":75}},"type":"binary-expr","locations":[{"start":{"line":242,"column":31},"end":{"line":242,"column":70}},{"start":{"line":242,"column":74},"end":{"line":242,"column":75}}],"line":242}},"s":{"0":0,"1":0,"2":0,"3":0,"4":0,"5":0,"6":0,"7":0,"8":0,"9":0,"10":0,"11":0,"12":0,"13":0,"14":0,"15":0,"16":0,"17":0,"18":0,"19":0,"20":0,"21":0,"22":0,"23":0,"24":0,"25":0,"26":0,"27":0,"28":0,"29":0,"30":0,"31":0,"32":0,"33":0,"34":0,"35":0,"36":0,"37":0,"38":0,"39":0,"40":0,"41":0,"42":0,"43":0,"44":0,"45":0,"46":0,"47":0,"48":0,"49":0,"50":0},"f":{"0":0,"1":0,"2":0,"3":0,"4":0,"5":0},"b":{"0":[0,0],"1":[0,0],"2":[0,0],"3":[0,0],"4":[0,0],"5":[0,0],"6":[0,0],"7":[0,0],"8":[0,0],"9":[0,0]}}
,"D:\\Loboy\\Proyectos\\Talent IA\\backend\\src\\controllers\\evaluationController.js": {"path":"D:\\Loboy\\Proyectos\\Talent IA\\backend\\src\\controllers\\evaluationController.js","statementMap":{"0":{"start":{"line":1,"column":13},"end":{"line":1,"column":42}},"1":{"start":{"line":2,"column":15},"end":{"line":2,"column":32}},"2":{"start":{"line":3,"column":31},"end":{"line":3,"column":64}},"3":{"start":{"line":4,"column":40},"end":{"line":4,"column":75}},"4":{"start":{"line":7,"column":0},"end":{"line":53,"column":2}},"5":{"start":{"line":8,"column":2},"end":{"line":52,"column":3}},"6":{"start":{"line":9,"column":43},"end":{"line":9,"column":51}},"7":{"start":{"line":11,"column":4},"end":{"line":15,"column":5}},"8":{"start":{"line":12,"column":6},"end":{"line":14,"column":9}},"9":{"start":{"line":18,"column":35},"end":{"line":21,"column":5}},"10":{"start":{"line":23,"column":4},"end":{"line":27,"column":5}},"11":{"start":{"line":24,"column":6},"end":{"line":26,"column":9}},"12":{"start":{"line":30,"column":24},"end":{"line":30,"column":62}},"13":{"start":{"line":33,"column":19},"end":{"line":36,"column":5}},"14":{"start":{"line":38,"column":4},"end":{"line":45,"column":7}},"15":{"start":{"line":47,"column":4},"end":{"line":47,"column":56}},"16":{"start":{"line":48,"column":4},"end":{"line":51,"column":7}},"17":{"start":{"line":56,"column":0},"end":{"line":101,"column":2}},"18":{"start":{"line":57,"column":2},"end":{"line":100,"column":3}},"19":{"start":{"line":58,"column":76},"end":{"line":58,"column":84}},"20":{"start":{"line":60,"column":4},"end":{"line":64,"column":5}},"21":{"start":{"line":61,"column":6},"end":{"line":63,"column":9}},"22":{"start":{"line":67,"column":25},"end":{"line":70,"column":5}},"23":{"start":{"line":72,"column":4},"end":{"line":76,"column":5}},"24":{"start":{"line":73,"column":6},"end":{"line":75,"column":9}},"25":{"start":{"line":78,"column":26},"end":{"line":78,"column":52}},"26":{"start":{"line":81,"column":19},"end":{"line":84,"column":5}},"27":{"start":{"line":86,"column":4},"end":{"line":93,"column":7}},"28":{"start":{"line":95,"column":4},"end":{"line":95,"column":55}},"29":{"start":{"line":96,"column":4},"end":{"line":99,"column":7}},"30":{"start":{"line":104,"column":0},"end":{"line":203,"column":2}},"31":{"start":{"line":105,"column":2},"end":{"line":202,"column":3}},"32":{"start":{"line":106,"column":29},"end":{"line":106,"column":39}},"33":{"start":{"line":109,"column":23},"end":{"line":112,"column":5}},"34":{"start":{"line":114,"column":4},"end":{"line":118,"column":5}},"35":{"start":{"line":115,"column":6},"end":{"line":117,"column":9}},"36":{"start":{"line":120,"column":23},"end":{"line":120,"column":41}},"37":{"start":{"line":123,"column":4},"end":{"line":126,"column":6}},"38":{"start":{"line":129,"column":26},"end":{"line":135,"column":5}},"39":{"start":{"line":138,"column":29},"end":{"line":138,"column":31}},"40":{"start":{"line":139,"column":32},"end":{"line":139,"column":34}},"41":{"start":{"line":142,"column":28},"end":{"line":150,"column":5}},"42":{"start":{"line":153,"column":4},"end":{"line":155,"column":7}},"43":{"start":{"line":154,"column":6},"end":{"line":154,"column":61}},"44":{"start":{"line":158,"column":4},"end":{"line":164,"column":7}},"45":{"start":{"line":159,"column":27},"end":{"line":159,"column":47}},"46":{"start":{"line":160,"column":6},"end":{"line":162,"column":7}},"47":{"start":{"line":161,"column":8},"end":{"line":161,"column":43}},"48":{"start":{"line":163,"column":6},"end":{"line":163,"column":62}},"49":{"start":{"line":167,"column":4},"end":{"line":176,"column":5}},"50":{"start":{"line":168,"column":23},"end":{"line":168,"column":70}},"51":{"start":{"line":170,"column":6},"end":{"line":175,"column":8}},"52":{"start":{"line":179,"column":4},"end":{"line":179,"column":75}},"53":{"start":{"line":182,"column":27},"end":{"line":185,"column":5}},"54":{"start":{"line":187,"column":4},"end":{"line":190,"column":5}},"55":{"start":{"line":188,"column":24},"end":{"line":188,"column":46}},"56":{"start":{"line":189,"column":6},"end":{"line":189,"column":111}},"57":{"start":{"line":192,"column":4},"end":{"line":195,"column":7}},"58":{"start":{"line":197,"column":4},"end":{"line":197,"column":58}},"59":{"start":{"line":198,"column":4},"end":{"line":201,"column":7}},"60":{"start":{"line":207,"column":2},"end":{"line":280,"column":3}},"61":{"start":{"line":209,"column":25},"end":{"line":218,"column":5}},"62":{"start":{"line":220,"column":29},"end":{"line":220,"column":31}},"63":{"start":{"line":221,"column":4},"end":{"line":223,"column":7}},"64":{"start":{"line":222,"column":6},"end":{"line":222,"column":59}},"65":{"start":{"line":226,"column":25},"end":{"line":232,"column":5}},"66":{"start":{"line":235,"column":28},"end":{"line":235,"column":30}},"67":{"start":{"line":236,"column":4},"end":{"line":250,"column":7}},"68":{"start":{"line":237,"column":26},"end":{"line":237,"column":42}},"69":{"start":{"line":238,"column":27},"end":{"line":238,"column":44}},"70":{"start":{"line":239,"column":21},"end":{"line":239,"column":43}},"71":{"start":{"line":240,"column":20},"end":{"line":240,"column":55}},"72":{"start":{"line":242,"column":6},"end":{"line":247,"column":7}},"73":{"start":{"line":243,"column":8},"end":{"line":246,"column":10}},"74":{"start":{"line":249,"column":6},"end":{"line":249,"column":59}},"75":{"start":{"line":253,"column":29},"end":{"line":255,"column":18}},"76":{"start":{"line":254,"column":22},"end":{"line":254,"column":45}},"77":{"start":{"line":258,"column":4},"end":{"line":267,"column":5}},"78":{"start":{"line":258,"column":17},"end":{"line":258,"column":18}},"79":{"start":{"line":259,"column":43},"end":{"line":259,"column":62}},"80":{"start":{"line":261,"column":6},"end":{"line":266,"column":8}},"81":{"start":{"line":270,"column":4},"end":{"line":276,"column":5}},"82":{"start":{"line":271,"column":30},"end":{"line":271,"column":52}},"83":{"start":{"line":272,"column":6},"end":{"line":275,"column":8}},"84":{"start":{"line":278,"column":4},"end":{"line":278,"column":62}},"85":{"start":{"line":279,"column":4},"end":{"line":279,"column":16}},"86":{"start":{"line":284,"column":0},"end":{"line":355,"column":2}},"87":{"start":{"line":285,"column":2},"end":{"line":354,"column":3}},"88":{"start":{"line":286,"column":35},"end":{"line":286,"column":45}},"89":{"start":{"line":289,"column":22},"end":{"line":296,"column":5}},"90":{"start":{"line":298,"column":4},"end":{"line":302,"column":5}},"91":{"start":{"line":299,"column":6},"end":{"line":301,"column":9}},"92":{"start":{"line":304,"column":17},"end":{"line":304,"column":34}},"93":{"start":{"line":307,"column":25},"end":{"line":314,"column":5}},"94":{"start":{"line":317,"column":33},"end":{"line":324,"column":5}},"95":{"start":{"line":326,"column":4},"end":{"line":347,"column":7}},"96":{"start":{"line":333,"column":48},"end":{"line":339,"column":7}},"97":{"start":{"line":340,"column":59},"end":{"line":345,"column":7}},"98":{"start":{"line":349,"column":4},"end":{"line":349,"column":57}},"99":{"start":{"line":350,"column":4},"end":{"line":353,"column":7}},"100":{"start":{"line":358,"column":0},"end":{"line":420,"column":2}},"101":{"start":{"line":359,"column":2},"end":{"line":419,"column":3}},"102":{"start":{"line":360,"column":22},"end":{"line":360,"column":32}},"103":{"start":{"line":362,"column":19},"end":{"line":371,"column":5}},"104":{"start":{"line":373,"column":4},"end":{"line":377,"column":5}},"105":{"start":{"line":374,"column":6},"end":{"line":376,"column":9}},"106":{"start":{"line":379,"column":23},"end":{"line":379,"column":37}},"107":{"start":{"line":382,"column":4},"end":{"line":387,"column":5}},"108":{"start":{"line":383,"column":6},"end":{"line":386,"column":9}},"109":{"start":{"line":390,"column":28},"end":{"line":400,"column":5}},"110":{"start":{"line":402,"column":4},"end":{"line":412,"column":7}},"111":{"start":{"line":414,"column":4},"end":{"line":414,"column":67}},"112":{"start":{"line":415,"column":4},"end":{"line":418,"column":7}},"113":{"start":{"line":423,"column":0},"end":{"line":492,"column":2}},"114":{"start":{"line":424,"column":2},"end":{"line":491,"column":3}},"115":{"start":{"line":425,"column":43},"end":{"line":425,"column":51}},"116":{"start":{"line":427,"column":4},"end":{"line":431,"column":5}},"117":{"start":{"line":428,"column":6},"end":{"line":430,"column":9}},"118":{"start":{"line":434,"column":35},"end":{"line":437,"column":5}},"119":{"start":{"line":439,"column":4},"end":{"line":443,"column":5}},"120":{"start":{"line":440,"column":6},"end":{"line":442,"column":9}},"121":{"start":{"line":445,"column":29},"end":{"line":445,"column":59}},"122":{"start":{"line":448,"column":24},"end":{"line":448,"column":62}},"123":{"start":{"line":451,"column":19},"end":{"line":454,"column":5}},"124":{"start":{"line":456,"column":23},"end":{"line":456,"column":37}},"125":{"start":{"line":457,"column":27},"end":{"line":457,"column":109}},"126":{"start":{"line":460,"column":36},"end":{"line":460,"column":71}},"127":{"start":{"line":461,"column":4},"end":{"line":466,"column":6}},"128":{"start":{"line":469,"column":4},"end":{"line":472,"column":6}},"129":{"start":{"line":474,"column":4},"end":{"line":484,"column":7}},"130":{"start":{"line":486,"column":4},"end":{"line":486,"column":62}},"131":{"start":{"line":487,"column":4},"end":{"line":490,"column":7}},"132":{"start":{"line":495,"column":0},"end":{"line":572,"column":2}},"133":{"start":{"line":496,"column":2},"end":{"line":571,"column":3}},"134":{"start":{"line":497,"column":35},"end":{"line":497,"column":45}},"135":{"start":{"line":500,"column":22},"end":{"line":507,"column":5}},"136":{"start":{"line":509,"column":4},"end":{"line":511,"column":5}},"137":{"start":{"line":510,"column":6},"end":{"line":510,"column":73}},"138":{"start":{"line":513,"column":17},"end":{"line":513,"column":34}},"139":{"start":{"line":516,"column":25},"end":{"line":524,"column":5}},"140":{"start":{"line":526,"column":33},"end":{"line":533,"column":5}},"141":{"start":{"line":535,"column":26},"end":{"line":541,"column":5}},"142":{"start":{"line":543,"column":27},"end":{"line":556,"column":5}},"143":{"start":{"line":545,"column":48},"end":{"line":550,"column":7}},"144":{"start":{"line":551,"column":59},"end":{"line":555,"column":7}},"145":{"start":{"line":559,"column":20},"end":{"line":559,"column":75}},"146":{"start":{"line":561,"column":4},"end":{"line":564,"column":7}},"147":{"start":{"line":566,"column":4},"end":{"line":566,"column":49}},"148":{"start":{"line":567,"column":4},"end":{"line":570,"column":7}}},"fnMap":{"0":{"name":"(anonymous_0)","decl":{"start":{"line":7,"column":26},"end":{"line":7,"column":27}},"loc":{"start":{"line":7,"column":46},"end":{"line":53,"column":1}},"line":7},"1":{"name":"(anonymous_1)","decl":{"start":{"line":56,"column":25},"end":{"line":56,"column":26}},"loc":{"start":{"line":56,"column":45},"end":{"line":101,"column":1}},"line":56},"2":{"name":"(anonymous_2)","decl":{"start":{"line":104,"column":27},"end":{"line":104,"column":28}},"loc":{"start":{"line":104,"column":47},"end":{"line":203,"column":1}},"line":104},"3":{"name":"(anonymous_3)","decl":{"start":{"line":153,"column":33},"end":{"line":153,"column":34}},"loc":{"start":{"line":153,"column":40},"end":{"line":155,"column":5}},"line":153},"4":{"name":"(anonymous_4)","decl":{"start":{"line":158,"column":31},"end":{"line":158,"column":32}},"loc":{"start":{"line":158,"column":41},"end":{"line":164,"column":5}},"line":158},"5":{"name":"calculateAndSaveRecommendations","decl":{"start":{"line":206,"column":15},"end":{"line":206,"column":46}},"loc":{"start":{"line":206,"column":67},"end":{"line":281,"column":1}},"line":206},"6":{"name":"(anonymous_6)","decl":{"start":{"line":221,"column":30},"end":{"line":221,"column":31}},"loc":{"start":{"line":221,"column":37},"end":{"line":223,"column":5}},"line":221},"7":{"name":"(anonymous_7)","decl":{"start":{"line":236,"column":30},"end":{"line":236,"column":31}},"loc":{"start":{"line":236,"column":37},"end":{"line":250,"column":5}},"line":236},"8":{"name":"(anonymous_8)","decl":{"start":{"line":254,"column":12},"end":{"line":254,"column":13}},"loc":{"start":{"line":254,"column":22},"end":{"line":254,"column":45}},"line":254},"9":{"name":"(anonymous_9)","decl":{"start":{"line":284,"column":31},"end":{"line":284,"column":32}},"loc":{"start":{"line":284,"column":51},"end":{"line":355,"column":1}},"line":284},"10":{"name":"(anonymous_10)","decl":{"start":{"line":333,"column":42},"end":{"line":333,"column":43}},"loc":{"start":{"line":333,"column":48},"end":{"line":339,"column":7}},"line":333},"11":{"name":"(anonymous_11)","decl":{"start":{"line":340,"column":53},"end":{"line":340,"column":54}},"loc":{"start":{"line":340,"column":59},"end":{"line":345,"column":7}},"line":340},"12":{"name":"(anonymous_12)","decl":{"start":{"line":358,"column":31},"end":{"line":358,"column":32}},"loc":{"start":{"line":358,"column":51},"end":{"line":420,"column":1}},"line":358},"13":{"name":"(anonymous_13)","decl":{"start":{"line":423,"column":39},"end":{"line":423,"column":40}},"loc":{"start":{"line":423,"column":59},"end":{"line":492,"column":1}},"line":423},"14":{"name":"(anonymous_14)","decl":{"start":{"line":495,"column":22},"end":{"line":495,"column":23}},"loc":{"start":{"line":495,"column":42},"end":{"line":572,"column":1}},"line":495},"15":{"name":"(anonymous_15)","decl":{"start":{"line":545,"column":42},"end":{"line":545,"column":43}},"loc":{"start":{"line":545,"column":48},"end":{"line":550,"column":7}},"line":545},"16":{"name":"(anonymous_16)","decl":{"start":{"line":551,"column":53},"end":{"line":551,"column":54}},"loc":{"start":{"line":551,"column":59},"end":{"line":555,"column":7}},"line":551}},"branchMap":{"0":{"loc":{"start":{"line":11,"column":4},"end":{"line":15,"column":5}},"type":"if","locations":[{"start":{"line":11,"column":4},"end":{"line":15,"column":5}},{"start":{},"end":{}}],"line":11},"1":{"loc":{"start":{"line":11,"column":8},"end":{"line":11,"column":38}},"type":"binary-expr","locations":[{"start":{"line":11,"column":8},"end":{"line":11,"column":27}},{"start":{"line":11,"column":31},"end":{"line":11,"column":38}}],"line":11},"2":{"loc":{"start":{"line":23,"column":4},"end":{"line":27,"column":5}},"type":"if","locations":[{"start":{"line":23,"column":4},"end":{"line":27,"column":5}},{"start":{},"end":{}}],"line":23},"3":{"loc":{"start":{"line":60,"column":4},"end":{"line":64,"column":5}},"type":"if","locations":[{"start":{"line":60,"column":4},"end":{"line":64,"column":5}},{"start":{},"end":{}}],"line":60},"4":{"loc":{"start":{"line":60,"column":8},"end":{"line":60,"column":57}},"type":"binary-expr","locations":[{"start":{"line":60,"column":8},"end":{"line":60,"column":21}},{"start":{"line":60,"column":25},"end":{"line":60,"column":36}},{"start":{"line":60,"column":40},"end":{"line":60,"column":57}}],"line":60},"5":{"loc":{"start":{"line":72,"column":4},"end":{"line":76,"column":5}},"type":"if","locations":[{"start":{"line":72,"column":4},"end":{"line":76,"column":5}},{"start":{},"end":{}}],"line":72},"6":{"loc":{"start":{"line":114,"column":4},"end":{"line":118,"column":5}},"type":"if","locations":[{"start":{"line":114,"column":4},"end":{"line":118,"column":5}},{"start":{},"end":{}}],"line":114},"7":{"loc":{"start":{"line":160,"column":6},"end":{"line":162,"column":7}},"type":"if","locations":[{"start":{"line":160,"column":6},"end":{"line":162,"column":7}},{"start":{},"end":{}}],"line":160},"8":{"loc":{"start":{"line":168,"column":23},"end":{"line":168,"column":70}},"type":"binary-expr","locations":[{"start":{"line":168,"column":23},"end":{"line":168,"column":56}},{"start":{"line":168,"column":60},"end":{"line":168,"column":70}}],"line":168},"9":{"loc":{"start":{"line":187,"column":4},"end":{"line":190,"column":5}},"type":"if","locations":[{"start":{"line":187,"column":4},"end":{"line":190,"column":5}},{"start":{},"end":{}}],"line":187},"10":{"loc":{"start":{"line":240,"column":20},"end":{"line":240,"column":55}},"type":"binary-expr","locations":[{"start":{"line":240,"column":20},"end":{"line":240,"column":50}},{"start":{"line":240,"column":54},"end":{"line":240,"column":55}}],"line":240},"11":{"loc":{"start":{"line":242,"column":6},"end":{"line":247,"column":7}},"type":"if","locations":[{"start":{"line":242,"column":6},"end":{"line":247,"column":7}},{"start":{},"end":{}}],"line":242},"12":{"loc":{"start":{"line":270,"column":4},"end":{"line":276,"column":5}},"type":"if","locations":[{"start":{"line":270,"column":4},"end":{"line":276,"column":5}},{"start":{},"end":{}}],"line":270},"13":{"loc":{"start":{"line":298,"column":4},"end":{"line":302,"column":5}},"type":"if","locations":[{"start":{"line":298,"column":4},"end":{"line":302,"column":5}},{"start":{},"end":{}}],"line":298},"14":{"loc":{"start":{"line":346,"column":26},"end":{"line":346,"column":100}},"type":"cond-expr","locations":[{"start":{"line":346,"column":65},"end":{"line":346,"column":93}},{"start":{"line":346,"column":96},"end":{"line":346,"column":100}}],"line":346},"15":{"loc":{"start":{"line":373,"column":4},"end":{"line":377,"column":5}},"type":"if","locations":[{"start":{"line":373,"column":4},"end":{"line":377,"column":5}},{"start":{},"end":{}}],"line":373},"16":{"loc":{"start":{"line":382,"column":4},"end":{"line":387,"column":5}},"type":"if","locations":[{"start":{"line":382,"column":4},"end":{"line":387,"column":5}},{"start":{},"end":{}}],"line":382},"17":{"loc":{"start":{"line":427,"column":4},"end":{"line":431,"column":5}},"type":"if","locations":[{"start":{"line":427,"column":4},"end":{"line":431,"column":5}},{"start":{},"end":{}}],"line":427},"18":{"loc":{"start":{"line":427,"column":8},"end":{"line":427,"column":38}},"type":"binary-expr","locations":[{"start":{"line":427,"column":8},"end":{"line":427,"column":27}},{"start":{"line":427,"column":31},"end":{"line":427,"column":38}}],"line":427},"19":{"loc":{"start":{"line":439,"column":4},"end":{"line":443,"column":5}},"type":"if","locations":[{"start":{"line":439,"column":4},"end":{"line":443,"column":5}},{"start":{},"end":{}}],"line":439},"20":{"loc":{"start":{"line":457,"column":30},"end":{"line":457,"column":81}},"type":"binary-expr","locations":[{"start":{"line":457,"column":30},"end":{"line":457,"column":54}},{"start":{"line":457,"column":58},"end":{"line":457,"column":81}}],"line":457},"21":{"loc":{"start":{"line":509,"column":4},"end":{"line":511,"column":5}},"type":"if","locations":[{"start":{"line":509,"column":4},"end":{"line":511,"column":5}},{"start":{},"end":{}}],"line":509}},"s":{"0":0,"1":0,"2":0,"3":0,"4":0,"5":0,"6":0,"7":0,"8":0,"9":0,"10":0,"11":0,"12":0,"13":0,"14":0,"15":0,"16":0,"17":0,"18":0,"19":0,"20":0,"21":0,"22":0,"23":0,"24":0,"25":0,"26":0,"27":0,"28":0,"29":0,"30":0,"31":0,"32":0,"33":0,"34":0,"35":0,"36":0,"37":0,"38":0,"39":0,"40":0,"41":0,"42":0,"43":0,"44":0,"45":0,"46":0,"47":0,"48":0,"49":0,"50":0,"51":0,"52":0,"53":0,"54":0,"55":0,"56":0,"57":0,"58":0,"59":0,"60":0,"61":0,"62":0,"63":0,"64":0,"65":0,"66":0,"67":0,"68":0,"69":0,"70":0,"71":0,"72":0,"73":0,"74":0,"75":0,"76":0,"77":0,"78":0,"79":0,"80":0,"81":0,"82":0,"83":0,"84":0,"85":0,"86":0,"87":0,"88":0,"89":0,"90":0,"91":0,"92":0,"93":0,"94":0,"95":0,"96":0,"97":0,"98":0,"99":0,"100":0,"101":0,"102":0,"103":0,"104":0,"105":0,"106":0,"107":0,"108":0,"109":0,"110":0,"111":0,"112":0,"113":0,"114":0,"115":0,"116":0,"117":0,"118":0,"119":0,"120":0,"121":0,"122":0,"123":0,"124":0,"125":0,"126":0,"127":0,"128":0,"129":0,"130":0,"131":0,"132":0,"133":0,"134":0,"135":0,"136":0,"137":0,"138":0,"139":0,"140":0,"141":0,"142":0,"143":0,"144":0,"145":0,"146":0,"147":0,"148":0},"f":{"0":0,"1":0,"2":0,"3":0,"4":0,"5":0,"6":0,"7":0,"8":0,"9":0,"10":0,"11":0,"12":0,"13":0,"14":0,"15":0,"16":0},"b":{"0":[0,0],"1":[0,0],"2":[0,0],"3":[0,0],"4":[0,0,0],"5":[0,0],"6":[0,0],"7":[0,0],"8":[0,0],"9":[0,0],"10":[0,0],"11":[0,0],"12":[0,0],"13":[0,0],"14":[0,0],"15":[0,0],"16":[0,0],"17":[0,0],"18":[0,0],"19":[0,0],"20":[0,0],"21":[0,0]}}
,"D:\\Loboy\\Proyectos\\Talent IA\\backend\\src\\controllers\\examController.js": {"path":"D:\\Loboy\\Proyectos\\Talent IA\\backend\\src\\controllers\\examController.js","statementMap":{"0":{"start":{"line":1,"column":13},"end":{"line":1,"column":42}},"1":{"start":{"line":4,"column":0},"end":{"line":51,"column":2}},"2":{"start":{"line":5,"column":2},"end":{"line":50,"column":3}},"3":{"start":{"line":6,"column":84},"end":{"line":6,"column":92}},"4":{"start":{"line":8,"column":4},"end":{"line":12,"column":5}},"5":{"start":{"line":9,"column":6},"end":{"line":11,"column":9}},"6":{"start":{"line":15,"column":23},"end":{"line":18,"column":5}},"7":{"start":{"line":20,"column":17},"end":{"line":20,"column":35}},"8":{"start":{"line":23,"column":4},"end":{"line":30,"column":5}},"9":{"start":{"line":24,"column":6},"end":{"line":29,"column":7}},"10":{"start":{"line":24,"column":19},"end":{"line":24,"column":20}},"11":{"start":{"line":25,"column":8},"end":{"line":28,"column":10}},"12":{"start":{"line":32,"column":4},"end":{"line":43,"column":7}},"13":{"start":{"line":45,"column":4},"end":{"line":45,"column":50}},"14":{"start":{"line":46,"column":4},"end":{"line":49,"column":7}},"15":{"start":{"line":54,"column":0},"end":{"line":101,"column":2}},"16":{"start":{"line":55,"column":2},"end":{"line":100,"column":3}},"17":{"start":{"line":56,"column":19},"end":{"line":58,"column":5}},"18":{"start":{"line":61,"column":31},"end":{"line":88,"column":5}},"19":{"start":{"line":63,"column":32},"end":{"line":70,"column":9}},"20":{"start":{"line":72,"column":8},"end":{"line":86,"column":10}},"21":{"start":{"line":78,"column":52},"end":{"line":83,"column":11}},"22":{"start":{"line":90,"column":4},"end":{"line":93,"column":7}},"23":{"start":{"line":95,"column":4},"end":{"line":95,"column":55}},"24":{"start":{"line":96,"column":4},"end":{"line":99,"column":7}},"25":{"start":{"line":104,"column":0},"end":{"line":172,"column":2}},"26":{"start":{"line":105,"column":2},"end":{"line":171,"column":3}},"27":{"start":{"line":106,"column":19},"end":{"line":106,"column":29}},"28":{"start":{"line":108,"column":23},"end":{"line":111,"column":5}},"29":{"start":{"line":113,"column":4},"end":{"line":117,"column":5}},"30":{"start":{"line":114,"column":6},"end":{"line":116,"column":9}},"31":{"start":{"line":119,"column":17},"end":{"line":119,"column":35}},"32":{"start":{"line":122,"column":28},"end":{"line":129,"column":5}},"33":{"start":{"line":132,"column":33},"end":{"line":153,"column":5}},"34":{"start":{"line":134,"column":30},"end":{"line":137,"column":9}},"35":{"start":{"line":139,"column":8},"end":{"line":151,"column":10}},"36":{"start":{"line":145,"column":48},"end":{"line":150,"column":11}},"37":{"start":{"line":155,"column":4},"end":{"line":164,"column":7}},"38":{"start":{"line":166,"column":4},"end":{"line":166,"column":53}},"39":{"start":{"line":167,"column":4},"end":{"line":170,"column":7}},"40":{"start":{"line":175,"column":0},"end":{"line":227,"column":2}},"41":{"start":{"line":176,"column":2},"end":{"line":226,"column":3}},"42":{"start":{"line":177,"column":23},"end":{"line":177,"column":33}},"43":{"start":{"line":178,"column":28},"end":{"line":178,"column":36}},"44":{"start":{"line":180,"column":4},"end":{"line":184,"column":5}},"45":{"start":{"line":181,"column":6},"end":{"line":183,"column":9}},"46":{"start":{"line":187,"column":23},"end":{"line":190,"column":5}},"47":{"start":{"line":192,"column":4},"end":{"line":196,"column":5}},"48":{"start":{"line":193,"column":6},"end":{"line":195,"column":9}},"49":{"start":{"line":199,"column":27},"end":{"line":202,"column":5}},"50":{"start":{"line":204,"column":16},"end":{"line":204,"column":59}},"51":{"start":{"line":207,"column":4},"end":{"line":213,"column":5}},"52":{"start":{"line":208,"column":6},"end":{"line":211,"column":8}},"53":{"start":{"line":212,"column":6},"end":{"line":212,"column":14}},"54":{"start":{"line":215,"column":4},"end":{"line":219,"column":7}},"55":{"start":{"line":221,"column":4},"end":{"line":221,"column":55}},"56":{"start":{"line":222,"column":4},"end":{"line":225,"column":7}},"57":{"start":{"line":230,"column":0},"end":{"line":261,"column":2}},"58":{"start":{"line":231,"column":2},"end":{"line":260,"column":3}},"59":{"start":{"line":232,"column":19},"end":{"line":232,"column":29}},"60":{"start":{"line":233,"column":60},"end":{"line":233,"column":68}},"61":{"start":{"line":235,"column":19},"end":{"line":238,"column":5}},"62":{"start":{"line":240,"column":4},"end":{"line":242,"column":5}},"63":{"start":{"line":241,"column":6},"end":{"line":241,"column":69}},"64":{"start":{"line":244,"column":4},"end":{"line":253,"column":7}},"65":{"start":{"line":255,"column":4},"end":{"line":255,"column":55}},"66":{"start":{"line":256,"column":4},"end":{"line":259,"column":7}},"67":{"start":{"line":264,"column":0},"end":{"line":292,"column":2}},"68":{"start":{"line":265,"column":2},"end":{"line":291,"column":3}},"69":{"start":{"line":266,"column":19},"end":{"line":266,"column":29}},"70":{"start":{"line":269,"column":4},"end":{"line":269,"column":76}},"71":{"start":{"line":272,"column":19},"end":{"line":275,"column":5}},"72":{"start":{"line":277,"column":4},"end":{"line":279,"column":5}},"73":{"start":{"line":278,"column":6},"end":{"line":278,"column":69}},"74":{"start":{"line":281,"column":4},"end":{"line":284,"column":7}},"75":{"start":{"line":286,"column":4},"end":{"line":286,"column":53}},"76":{"start":{"line":287,"column":4},"end":{"line":290,"column":7}},"77":{"start":{"line":295,"column":0},"end":{"line":318,"column":2}},"78":{"start":{"line":296,"column":2},"end":{"line":317,"column":3}},"79":{"start":{"line":297,"column":35},"end":{"line":297,"column":45}},"80":{"start":{"line":299,"column":19},"end":{"line":302,"column":5}},"81":{"start":{"line":304,"column":4},"end":{"line":306,"column":5}},"82":{"start":{"line":305,"column":6},"end":{"line":305,"column":84}},"83":{"start":{"line":308,"column":4},"end":{"line":310,"column":7}},"84":{"start":{"line":312,"column":4},"end":{"line":312,"column":55}},"85":{"start":{"line":313,"column":4},"end":{"line":316,"column":7}}},"fnMap":{"0":{"name":"(anonymous_0)","decl":{"start":{"line":4,"column":21},"end":{"line":4,"column":22}},"loc":{"start":{"line":4,"column":41},"end":{"line":51,"column":1}},"line":4},"1":{"name":"(anonymous_1)","decl":{"start":{"line":54,"column":19},"end":{"line":54,"column":20}},"loc":{"start":{"line":54,"column":39},"end":{"line":101,"column":1}},"line":54},"2":{"name":"(anonymous_2)","decl":{"start":{"line":62,"column":22},"end":{"line":62,"column":23}},"loc":{"start":{"line":62,"column":38},"end":{"line":87,"column":7}},"line":62},"3":{"name":"(anonymous_3)","decl":{"start":{"line":78,"column":46},"end":{"line":78,"column":47}},"loc":{"start":{"line":78,"column":52},"end":{"line":83,"column":11}},"line":78},"4":{"name":"(anonymous_4)","decl":{"start":{"line":104,"column":22},"end":{"line":104,"column":23}},"loc":{"start":{"line":104,"column":42},"end":{"line":172,"column":1}},"line":104},"5":{"name":"(anonymous_5)","decl":{"start":{"line":133,"column":31},"end":{"line":133,"column":32}},"loc":{"start":{"line":133,"column":51},"end":{"line":152,"column":7}},"line":133},"6":{"name":"(anonymous_6)","decl":{"start":{"line":145,"column":42},"end":{"line":145,"column":43}},"loc":{"start":{"line":145,"column":48},"end":{"line":150,"column":11}},"line":145},"7":{"name":"(anonymous_7)","decl":{"start":{"line":175,"column":29},"end":{"line":175,"column":30}},"loc":{"start":{"line":175,"column":49},"end":{"line":227,"column":1}},"line":175},"8":{"name":"(anonymous_8)","decl":{"start":{"line":230,"column":21},"end":{"line":230,"column":22}},"loc":{"start":{"line":230,"column":41},"end":{"line":261,"column":1}},"line":230},"9":{"name":"(anonymous_9)","decl":{"start":{"line":264,"column":21},"end":{"line":264,"column":22}},"loc":{"start":{"line":264,"column":41},"end":{"line":292,"column":1}},"line":264},"10":{"name":"(anonymous_10)","decl":{"start":{"line":295,"column":33},"end":{"line":295,"column":34}},"loc":{"start":{"line":295,"column":53},"end":{"line":318,"column":1}},"line":295}},"branchMap":{"0":{"loc":{"start":{"line":8,"column":4},"end":{"line":12,"column":5}},"type":"if","locations":[{"start":{"line":8,"column":4},"end":{"line":12,"column":5}},{"start":{},"end":{}}],"line":8},"1":{"loc":{"start":{"line":8,"column":8},"end":{"line":8,"column":46}},"type":"binary-expr","locations":[{"start":{"line":8,"column":8},"end":{"line":8,"column":13}},{"start":{"line":8,"column":17},"end":{"line":8,"column":32}},{"start":{"line":8,"column":36},"end":{"line":8,"column":46}}],"line":8},"2":{"loc":{"start":{"line":23,"column":4},"end":{"line":30,"column":5}},"type":"if","locations":[{"start":{"line":23,"column":4},"end":{"line":30,"column":5}},{"start":{},"end":{}}],"line":23},"3":{"loc":{"start":{"line":23,"column":8},"end":{"line":23,"column":45}},"type":"binary-expr","locations":[{"start":{"line":23,"column":8},"end":{"line":23,"column":19}},{"start":{"line":23,"column":23},"end":{"line":23,"column":45}}],"line":23},"4":{"loc":{"start":{"line":40,"column":24},"end":{"line":40,"column":60}},"type":"cond-expr","locations":[{"start":{"line":40,"column":38},"end":{"line":40,"column":56}},{"start":{"line":40,"column":59},"end":{"line":40,"column":60}}],"line":40},"5":{"loc":{"start":{"line":113,"column":4},"end":{"line":117,"column":5}},"type":"if","locations":[{"start":{"line":113,"column":4},"end":{"line":117,"column":5}},{"start":{},"end":{}}],"line":113},"6":{"loc":{"start":{"line":180,"column":4},"end":{"line":184,"column":5}},"type":"if","locations":[{"start":{"line":180,"column":4},"end":{"line":184,"column":5}},{"start":{},"end":{}}],"line":180},"7":{"loc":{"start":{"line":180,"column":8},"end":{"line":180,"column":48}},"type":"binary-expr","locations":[{"start":{"line":180,"column":8},"end":{"line":180,"column":20}},{"start":{"line":180,"column":24},"end":{"line":180,"column":48}}],"line":180},"8":{"loc":{"start":{"line":192,"column":4},"end":{"line":196,"column":5}},"type":"if","locations":[{"start":{"line":192,"column":4},"end":{"line":196,"column":5}},{"start":{},"end":{}}],"line":192},"9":{"loc":{"start":{"line":204,"column":17},"end":{"line":204,"column":54}},"type":"binary-expr","locations":[{"start":{"line":204,"column":17},"end":{"line":204,"column":49}},{"start":{"line":204,"column":53},"end":{"line":204,"column":54}}],"line":204},"10":{"loc":{"start":{"line":240,"column":4},"end":{"line":242,"column":5}},"type":"if","locations":[{"start":{"line":240,"column":4},"end":{"line":242,"column":5}},{"start":{},"end":{}}],"line":240},"11":{"loc":{"start":{"line":277,"column":4},"end":{"line":279,"column":5}},"type":"if","locations":[{"start":{"line":277,"column":4},"end":{"line":279,"column":5}},{"start":{},"end":{}}],"line":277},"12":{"loc":{"start":{"line":304,"column":4},"end":{"line":306,"column":5}},"type":"if","locations":[{"start":{"line":304,"column":4},"end":{"line":306,"column":5}},{"start":{},"end":{}}],"line":304}},"s":{"0":0,"1":0,"2":0,"3":0,"4":0,"5":0,"6":0,"7":0,"8":0,"9":0,"10":0,"11":0,"12":0,"13":0,"14":0,"15":0,"16":0,"17":0,"18":0,"19":0,"20":0,"21":0,"22":0,"23":0,"24":0,"25":0,"26":0,"27":0,"28":0,"29":0,"30":0,"31":0,"32":0,"33":0,"34":0,"35":0,"36":0,"37":0,"38":0,"39":0,"40":0,"41":0,"42":0,"43":0,"44":0,"45":0,"46":0,"47":0,"48":0,"49":0,"50":0,"51":0,"52":0,"53":0,"54":0,"55":0,"56":0,"57":0,"58":0,"59":0,"60":0,"61":0,"62":0,"63":0,"64":0,"65":0,"66":0,"67":0,"68":0,"69":0,"70":0,"71":0,"72":0,"73":0,"74":0,"75":0,"76":0,"77":0,"78":0,"79":0,"80":0,"81":0,"82":0,"83":0,"84":0,"85":0},"f":{"0":0,"1":0,"2":0,"3":0,"4":0,"5":0,"6":0,"7":0,"8":0,"9":0,"10":0},"b":{"0":[0,0],"1":[0,0,0],"2":[0,0],"3":[0,0],"4":[0,0],"5":[0,0],"6":[0,0],"7":[0,0],"8":[0,0],"9":[0,0],"10":[0,0],"11":[0,0],"12":[0,0]}}
,"D:\\Loboy\\Proyectos\\Talent IA\\backend\\src\\controllers\\permissionController.js": {"path":"D:\\Loboy\\Proyectos\\Talent IA\\backend\\src\\controllers\\permissionController.js","statementMap":{"0":{"start":{"line":1,"column":13},"end":{"line":1,"column":42}},"1":{"start":{"line":2,"column":31},"end":{"line":2,"column":77}},"2":{"start":{"line":5,"column":26},"end":{"line":12,"column":1}},"3":{"start":{"line":6,"column":2},"end":{"line":11,"column":3}},"4":{"start":{"line":7,"column":4},"end":{"line":7,"column":43}},"5":{"start":{"line":9,"column":4},"end":{"line":9,"column":55}},"6":{"start":{"line":10,"column":4},"end":{"line":10,"column":65}},"7":{"start":{"line":15,"column":20},"end":{"line":22,"column":1}},"8":{"start":{"line":16,"column":2},"end":{"line":21,"column":3}},"9":{"start":{"line":17,"column":4},"end":{"line":17,"column":31}},"10":{"start":{"line":19,"column":4},"end":{"line":19,"column":52}},"11":{"start":{"line":20,"column":4},"end":{"line":20,"column":62}},"12":{"start":{"line":25,"column":27},"end":{"line":44,"column":1}},"13":{"start":{"line":26,"column":21},"end":{"line":26,"column":31}},"14":{"start":{"line":28,"column":2},"end":{"line":43,"column":3}},"15":{"start":{"line":29,"column":19},"end":{"line":37,"column":16}},"16":{"start":{"line":39,"column":4},"end":{"line":39,"column":43}},"17":{"start":{"line":41,"column":4},"end":{"line":41,"column":67}},"18":{"start":{"line":42,"column":4},"end":{"line":42,"column":65}},"19":{"start":{"line":47,"column":31},"end":{"line":66,"column":1}},"20":{"start":{"line":48,"column":29},"end":{"line":48,"column":39}},"21":{"start":{"line":50,"column":2},"end":{"line":65,"column":3}},"22":{"start":{"line":51,"column":19},"end":{"line":59,"column":24}},"23":{"start":{"line":61,"column":4},"end":{"line":61,"column":43}},"24":{"start":{"line":63,"column":4},"end":{"line":63,"column":77}},"25":{"start":{"line":64,"column":4},"end":{"line":64,"column":65}},"26":{"start":{"line":69,"column":24},"end":{"line":115,"column":1}},"27":{"start":{"line":70,"column":21},"end":{"line":70,"column":31}},"28":{"start":{"line":71,"column":38},"end":{"line":71,"column":46}},"29":{"start":{"line":72,"column":18},"end":{"line":72,"column":30}},"30":{"start":{"line":74,"column":2},"end":{"line":76,"column":3}},"31":{"start":{"line":75,"column":4},"end":{"line":75,"column":74}},"32":{"start":{"line":78,"column":2},"end":{"line":80,"column":3}},"33":{"start":{"line":79,"column":4},"end":{"line":79,"column":64}},"34":{"start":{"line":82,"column":2},"end":{"line":114,"column":3}},"35":{"start":{"line":83,"column":19},"end":{"line":89,"column":5}},"36":{"start":{"line":92,"column":4},"end":{"line":105,"column":6}},"37":{"start":{"line":107,"column":4},"end":{"line":110,"column":7}},"38":{"start":{"line":112,"column":4},"end":{"line":112,"column":53}},"39":{"start":{"line":113,"column":4},"end":{"line":113,"column":64}},"40":{"start":{"line":118,"column":25},"end":{"line":156,"column":1}},"41":{"start":{"line":119,"column":21},"end":{"line":119,"column":31}},"42":{"start":{"line":120,"column":38},"end":{"line":120,"column":46}},"43":{"start":{"line":121,"column":18},"end":{"line":121,"column":30}},"44":{"start":{"line":123,"column":2},"end":{"line":155,"column":3}},"45":{"start":{"line":124,"column":19},"end":{"line":129,"column":5}},"46":{"start":{"line":131,"column":4},"end":{"line":133,"column":5}},"47":{"start":{"line":132,"column":6},"end":{"line":132,"column":70}},"48":{"start":{"line":136,"column":4},"end":{"line":149,"column":6}},"49":{"start":{"line":151,"column":4},"end":{"line":151,"column":60}},"50":{"start":{"line":153,"column":4},"end":{"line":153,"column":53}},"51":{"start":{"line":154,"column":4},"end":{"line":154,"column":64}},"52":{"start":{"line":159,"column":29},"end":{"line":178,"column":1}},"53":{"start":{"line":160,"column":19},"end":{"line":160,"column":29}},"54":{"start":{"line":162,"column":2},"end":{"line":177,"column":3}},"55":{"start":{"line":163,"column":19},"end":{"line":168,"column":14}},"56":{"start":{"line":170,"column":4},"end":{"line":173,"column":7}},"57":{"start":{"line":172,"column":40},"end":{"line":172,"column":56}},"58":{"start":{"line":175,"column":4},"end":{"line":175,"column":63}},"59":{"start":{"line":176,"column":4},"end":{"line":176,"column":65}},"60":{"start":{"line":181,"column":21},"end":{"line":213,"column":1}},"61":{"start":{"line":182,"column":62},"end":{"line":182,"column":71}},"62":{"start":{"line":184,"column":2},"end":{"line":212,"column":3}},"63":{"start":{"line":185,"column":16},"end":{"line":185,"column":63}},"64":{"start":{"line":186,"column":19},"end":{"line":186,"column":21}},"65":{"start":{"line":188,"column":4},"end":{"line":191,"column":5}},"66":{"start":{"line":189,"column":6},"end":{"line":189,"column":54}},"67":{"start":{"line":190,"column":6},"end":{"line":190,"column":26}},"68":{"start":{"line":193,"column":4},"end":{"line":196,"column":5}},"69":{"start":{"line":194,"column":6},"end":{"line":194,"column":54}},"70":{"start":{"line":195,"column":6},"end":{"line":195,"column":26}},"71":{"start":{"line":198,"column":4},"end":{"line":201,"column":5}},"72":{"start":{"line":199,"column":6},"end":{"line":199,"column":53}},"73":{"start":{"line":200,"column":6},"end":{"line":200,"column":26}},"74":{"start":{"line":203,"column":4},"end":{"line":203,"column":98}},"75":{"start":{"line":204,"column":4},"end":{"line":204,"column":51}},"76":{"start":{"line":206,"column":19},"end":{"line":206,"column":50}},"77":{"start":{"line":208,"column":4},"end":{"line":208,"column":36}},"78":{"start":{"line":210,"column":4},"end":{"line":210,"column":57}},"79":{"start":{"line":211,"column":4},"end":{"line":211,"column":61}},"80":{"start":{"line":216,"column":25},"end":{"line":242,"column":1}},"81":{"start":{"line":217,"column":29},"end":{"line":217,"column":39}},"82":{"start":{"line":218,"column":19},"end":{"line":218,"column":27}},"83":{"start":{"line":220,"column":2},"end":{"line":222,"column":3}},"84":{"start":{"line":221,"column":4},"end":{"line":221,"column":60}},"85":{"start":{"line":224,"column":2},"end":{"line":241,"column":3}},"86":{"start":{"line":225,"column":19},"end":{"line":231,"column":5}},"87":{"start":{"line":233,"column":4},"end":{"line":235,"column":5}},"88":{"start":{"line":234,"column":6},"end":{"line":234,"column":81}},"89":{"start":{"line":237,"column":4},"end":{"line":237,"column":41}},"9
[...]
,"D:\\Loboy\\Proyectos\\Talent IA\\backend\\src\\services\\pdfService.js": {"path":"D:\\Loboy\\Proyectos\\Talent IA\\backend\\src\\services\\pdfService.js","statementMap":{"0":{"start":{"line":1,"column":20},"end":{"line":1,"column":37}},"1":{"start":{"line":2,"column":11},"end":{"line":2,"column":24}},"2":{"start":{"line":3,"column":13},"end":{"line":3,"column":28}},"3":{"start":{"line":5,"column":27},"end":{"line":96,"column":1}},"4":{"start":{"line":6,"column":2},"end":{"line":95,"column":5}},"5":{"start":{"line":7,"column":4},"end":{"line":94,"column":5}},"6":{"start":{"line":9,"column":21},"end":{"line":9,"column":55}},"7":{"start":{"line":10,"column":6},"end":{"line":12,"column":7}},"8":{"start":{"line":11,"column":8},"end":{"line":11,"column":50}},"9":{"start":{"line":15,"column":18},"end":{"line":15,"column":35}},"10":{"start":{"line":16,"column":23},"end":{"line":16,"column":70}},"11":{"start":{"line":17,"column":23},"end":{"line":17,"column":50}},"12":{"start":{"line":19,"column":21},"end":{"line":19,"column":51}},"13":{"start":{"line":20,"column":6},"end":{"line":20,"column":23}},"14":{"start":{"line":23,"column":6},"end":{"line":23,"column":72}},"15":{"start":{"line":24,"column":6},"end":{"line":24,"column":79}},"16":{"start":{"line":25,"column":6},"end":{"line":25,"column":52}},"17":{"start":{"line":28,"column":6},"end":{"line":28,"column":89}},"18":{"start":{"line":29,"column":6},"end":{"line":29,"column":41}},"19":{"start":{"line":30,"column":6},"end":{"line":30,"column":88}},"20":{"start":{"line":31,"column":6},"end":{"line":31,"column":57}},"21":{"start":{"line":32,"column":6},"end":{"line":32,"column":69}},"22":{"start":{"line":33,"column":6},"end":{"line":33,"column":62}},"23":{"start":{"line":36,"column":6},"end":{"line":36,"column":88}},"24":{"start":{"line":37,"column":6},"end":{"line":37,"column":41}},"25":{"start":{"line":39,"column":17},"end":{"line":39,"column":20}},"26":{"start":{"line":40,"column":6},"end":{"line":51,"column":9}},"27":{"start":{"line":41,"column":8},"end":{"line":41,"column":44}},"28":{"start":{"line":42,"column":8},"end":{"line":42,"column":84}},"29":{"start":{"line":45,"column":25},"end":{"line":45,"column":28}},"30":{"start":{"line":46,"column":28},"end":{"line":46,"column":62}},"31":{"start":{"line":47,"column":8},"end":{"line":47,"column":55}},"32":{"start":{"line":48,"column":8},"end":{"line":48,"column":65}},"33":{"start":{"line":50,"column":8},"end":{"line":50,"column":19}},"34":{"start":{"line":54,"column":6},"end":{"line":54,"column":94}},"35":{"start":{"line":55,"column":6},"end":{"line":55,"column":41}},"36":{"start":{"line":57,"column":6},"end":{"line":57,"column":17}},"37":{"start":{"line":58,"column":6},"end":{"line":71,"column":9}},"38":{"start":{"line":59,"column":24},"end":{"line":59,"column":57}},"39":{"start":{"line":60,"column":23},"end":{"line":60,"column":78}},"40":{"start":{"line":62,"column":8},"end":{"line":62,"column":54}},"41":{"start":{"line":63,"column":8},"end":{"line":63,"column":30}},"42":{"start":{"line":64,"column":8},"end":{"line":68,"column":10}},"43":{"start":{"line":70,"column":8},"end":{"line":70,"column":19}},"44":{"start":{"line":74,"column":6},"end":{"line":79,"column":8}},"45":{"start":{"line":81,"column":6},"end":{"line":81,"column":16}},"46":{"start":{"line":83,"column":6},"end":{"line":89,"column":9}},"47":{"start":{"line":84,"column":8},"end":{"line":88,"column":11}},"48":{"start":{"line":91,"column":6},"end":{"line":91,"column":33}},"49":{"start":{"line":93,"column":6},"end":{"line":93,"column":20}},"50":{"start":{"line":98,"column":0},"end":{"line":100,"column":2}}},"fnMap":{"0":{"name":"(anonymous_0)","decl":{"start":{"line":5,"column":27},"end":{"line":5,"column":28}},"loc":{"start":{"line":5,"column":62},"end":{"line":96,"column":1}},"line":5},"1":{"name":"(anonymous_1)","decl":{"start":{"line":6,"column":21},"end":{"line":6,"column":22}},"loc":{"start":{"line":6,"column":42},"end":{"line":95,"column":3}},"line":6},"2":{"name":"(anonymous_2)","decl":{"start":{"line":40,"column":42},"end":{"line":40,"column":43}},"loc":{"start":{"line":40,"column":52},"end":{"line":51,"column":7}},"line":40},"3":{"name":"(anonymous_3)","decl":{"start":{"line":58,"column":45},"end":{"line":58,"column":46}},"loc":{"start":{"line":58,"column":59},"end":{"line":71,"column":7}},"line":58},"4":{"name":"(anonymous_4)","decl":{"start":{"line":83,"column":26},"end":{"line":83,"column":27}},"loc":{"start":{"line":83,"column":32},"end":{"line":89,"column":7}},"line":83}},"branchMap":{"0":{"loc":{"start":{"line":10,"column":6},"end":{"line":12,"column":7}},"type":"if","locations":[{"start":{"line":10,"column":6},"end":{"line":12,"column":7}},{"start":{},"end":{}}],"line":10},"1":{"loc":{"start":{"line":32,"column":28},"end":{"line":32,"column":56}},"type":"binary-expr","locations":[{"start":{"line":32,"column":28},"end":{"line":32,"column":47}},{"start":{"line":32,"column":51},"end":{"line":32,"column":56}}],"line":32},"2":{"loc":{"start":{"line":59,"column":24},"end":{"line":59,"column":57}},"type":"cond-expr","locations":[{"start":{"line":59,"column":36},"end":{"line":59,"column":45}},{"start":{"line":59,"column":48},"end":{"line":59,"column":57}}],"line":59},"3":{"loc":{"start":{"line":60,"column":23},"end":{"line":60,"column":78}},"type":"cond-expr","locations":[{"start":{"line":60,"column":35},"end":{"line":60,"column":53}},{"start":{"line":60,"column":56},"end":{"line":60,"column":78}}],"line":60}},"s":{"0":0,"1":0,"2":0,"3":0,"4":0,"5":0,"6":0,"7":0,"8":0,"9":0,"10":0,"11":0,"12":0,"13":0,"14":0,"15":0,"16":0,"17":0,"18":0,"19":0,"20":0,"21":0,"22":0,"23":0,"24":0,"25":0,"26":0,"27":0,"28":0,"29":0,"30":0,"31":0,"32":0,"33":0,"34":0,"35":0,"36":0,"37":0,"38":0,"39":0,"40":0,"41":0,"42":0,"43":0,"44":0,"45":0,"46":0,"47":0,"48":0,"49":0,"50":0},"f":{"0":0,"1":0,"2":0,"3":0,"4":0},"b":{"0":[0,0],"1":[0,0],"2":[0,0],"3":[0,0]}}
,"D:\\Loboy\\Proyectos\\Talent IA\\backend\\src\\websocket\\notificationSocket.js": {"path":"D:\\Loboy\\Proyectos\\Talent IA\\backend\\src\\websocket\\notificationSocket.js","statementMap":{"0":{"start":{"line":1,"column":17},"end":{"line":1,"column":37}},"1":{"start":{"line":2,"column":12},"end":{"line":2,"column":35}},"2":{"start":{"line":5,"column":20},"end":{"line":5,"column":29}},"3":{"start":{"line":6,"column":20},"end":{"line":6,"column":29}},"4":{"start":{"line":9,"column":19},"end":{"line":265,"column":1}},"5":{"start":{"line":10,"column":13},"end":{"line":16,"column":4}},"6":{"start":{"line":19,"column":2},"end":{"line":34,"column":5}},"7":{"start":{"line":20,"column":18},"end":{"line":20,"column":45}},"8":{"start":{"line":22,"column":4},"end":{"line":24,"column":5}},"9":{"start":{"line":23,"column":6},"end":{"line":23,"column":48}},"10":{"start":{"line":26,"column":4},"end":{"line":33,"column":5}},"11":{"start":{"line":27,"column":22},"end":{"line":27,"column":63}},"12":{"start":{"line":28,"column":6},"end":{"line":28,"column":37}},"13":{"start":{"line":29,"column":6},"end":{"line":29,"column":37}},"14":{"start":{"line":30,"column":6},"end":{"line":30,"column":13}},"15":{"start":{"line":32,"column":6},"end":{"line":32,"column":40}},"16":{"start":{"line":37,"column":2},"end":{"line":262,"column":5}},"17":{"start":{"line":38,"column":19},"end":{"line":38,"column":32}},"18":{"start":{"line":39,"column":21},"end":{"line":39,"column":64}},"19":{"start":{"line":42,"column":4},"end":{"line":47,"column":7}},"20":{"start":{"line":49,"column":4},"end":{"line":51,"column":5}},"21":{"start":{"line":50,"column":6},"end":{"line":50,"column":34}},"22":{"start":{"line":52,"column":4},"end":{"line":52,"column":44}},"23":{"start":{"line":54,"column":4},"end":{"line":54,"column":64}},"24":{"start":{"line":55,"column":4},"end":{"line":55,"column":60}},"25":{"start":{"line":58,"column":4},"end":{"line":63,"column":7}},"26":{"start":{"line":70,"column":4},"end":{"line":84,"column":7}},"27":{"start":{"line":71,"column":6},"end":{"line":71,"column":67}},"28":{"start":{"line":73,"column":6},"end":{"line":83,"column":9}},"29":{"start":{"line":87,"column":4},"end":{"line":103,"column":7}},"30":{"start":{"line":88,"column":6},"end":{"line":88,"column":68}},"31":{"start":{"line":90,"column":6},"end":{"line":102,"column":9}},"32":{"start":{"line":106,"column":4},"end":{"line":121,"column":7}},"33":{"start":{"line":107,"column":6},"end":{"line":107,"column":69}},"34":{"start":{"line":109,"column":6},"end":{"line":120,"column":9}},"35":{"start":{"line":124,"column":4},"end":{"line":134,"column":7}},"36":{"start":{"line":125,"column":6},"end":{"line":125,"column":48}},"37":{"start":{"line":127,"column":6},"end":{"line":133,"column":9}},"38":{"start":{"line":141,"column":4},"end":{"line":165,"column":7}},"39":{"start":{"line":142,"column":31},"end":{"line":142,"column":70}},"40":{"start":{"line":144,"column":22},"end":{"line":151,"column":7}},"41":{"start":{"line":153,"column":6},"end":{"line":153,"column":77}},"42":{"start":{"line":156,"column":6},"end":{"line":158,"column":9}},"43":{"start":{"line":157,"column":8},"end":{"line":157,"column":57}},"44":{"start":{"line":161,"column":6},"end":{"line":164,"column":9}},"45":{"start":{"line":168,"column":4},"end":{"line":183,"column":7}},"46":{"start":{"line":169,"column":6},"end":{"line":172,"column":7}},"47":{"start":{"line":170,"column":8},"end":{"line":170,"column":86}},"48":{"start":{"line":171,"column":8},"end":{"line":171,"column":15}},"49":{"start":{"line":174,"column":6},"end":{"line":174,"column":49}},"50":{"start":{"line":176,"column":6},"end":{"line":182,"column":9}},"51":{"start":{"line":190,"column":4},"end":{"line":203,"column":7}},"52":{"start":{"line":191,"column":6},"end":{"line":191,"column":79}},"53":{"start":{"line":193,"column":6},"end":{"line":202,"column":9}},"54":{"start":{"line":206,"column":4},"end":{"line":220,"column":7}},"55":{"start":{"line":207,"column":6},"end":{"line":207,"column":65}},"56":{"start":{"line":209,"column":6},"end":{"line":219,"column":9}},"57":{"start":{"line":223,"column":4},"end":{"line":228,"column":7}},"58":{"start":{"line":224,"column":6},"end":{"line":227,"column":9}},"59":{"start":{"line":234,"column":4},"end":{"line":256,"column":7}},"60":{"start":{"line":235,"column":6},"end":{"line":235,"column":33}},"61":{"start":{"line":237,"column":30},"end":{"line":237,"column":59}},"62":{"start":{"line":238,"column":20},"end":{"line":238,"column":54}},"63":{"start":{"line":239,"column":6},"end":{"line":241,"column":7}},"64":{"start":{"line":240,"column":8},"end":{"line":240,"column":41}},"65":{"start":{"line":243,"column":6},"end":{"line":245,"column":7}},"66":{"start":{"line":244,"column":8},"end":{"line":244,"column":35}},"67":{"start":{"line":247,"column":6},"end":{"line":247,"column":57}},"68":{"start":{"line":248,"column":6},"end":{"line":248,"column":62}},"69":{"start":{"line":250,"column":6},"end":{"line":255,"column":9}},"70":{"start":{"line":259,"column":4},"end":{"line":261,"column":7}},"71":{"start":{"line":260,"column":6},"end":{"line":260,"column":47}},"72":{"start":{"line":264,"column":2},"end":{"line":264,"column":12}},"73":{"start":{"line":269,"column":25},"end":{"line":278,"column":1}},"74":{"start":{"line":270,"column":26},"end":{"line":270,"column":55}},"75":{"start":{"line":272,"column":2},"end":{"line":277,"column":3}},"76":{"start":{"line":273,"column":4},"end":{"line":276,"column":7}},"77":{"start":{"line":280,"column":22},"end":{"line":286,"column":1}},"78":{"start":{"line":281,"column":2},"end":{"line":285,"column":5}},"79":{"start":{"line":288,"column":23},"end":{"line":290,"column":1}},"80":{"start":{"line":289,"column":2},"end":{"line":289,"column":42}},"81":{"start":{"line":292,"column":21},"end":{"line":294,"column":1}},"82":{"start":{"line":293,"column":2},"end":{"line":293,"column":33}},"83":{"start":{"line":296,"column":0},"end":{"line":304,"column":2}}},"fnMap":{"0":{"name":"(anonymous_0)","decl":{"start":{"line":9,"column":19},"end":{"line":9,"column":20}},"loc":{"start":{"line":9,"column":31},"end":{"line":265,"column":1}},"line":9},"1":{"name":"(anonymous_1)","decl":{"start":{"line":19,"column":9},"end":{"line":19,"column":10}},"loc":{"start":{"line":19,"column":27},"end":{"line":34,"column":3}},"line":19},"2":{"name":"(anonymous_2)","decl":{"start":{"line":37,"column":22},"end":{"line":37,"column":23}},"loc":{"start":{"line":37,"column":34},"end":{"line":262,"column":3}},"line":37},"3":{"name":"(anonymous_3)","decl":{"start":{"line":70,"column":36},"end":{"line":70,"column":37}},"loc":{"start":{"line":70,"column":46},"end":{"line":84,"column":5}},"line":70},"4":{"name":"(anonymous_4)","decl":{"start":{"line":87,"column":38},"end":{"line":87,"column":39}},"loc":{"start":{"line":87,"column":48},"end":{"line":103,"column":5}},"line":87},"5":{"name":"(anonymous_5)","decl":{"start":{"line":106,"column":33},"end":{"line":106,"column":34}},"loc":{"start":{"line":106,"column":43},"end":{"line":121,"column":5}},"line":106},"6":{"name":"(anonymous_6)","decl":{"start":{"line":124,"column":31},"end":{"line":124,"column":32}},"loc":{"start":{"line":124,"column":41},"end":{"line":134,"column":5}},"line":124},"7":{"name":"(anonymous_7)","decl":{"start":{"line":141,"column":30},"end":{"line":141,"column":31}},"loc":{"start":{"line":141,"column":40},"end":{"line":165,"column":5}},"line":141},"8":{"name":"(anonymous_8)","decl":{"start":{"line":156,"column":31},"end":{"line":156,"column":32}},"loc":{"start":{"line":156,"column":43},"end":{"line":158,"column":7}},"line":156},"9":{"name":"(anonymous_9)","decl":{"start":{"line":168,"column":35},"end":{"line":168,"column":36}},"loc":{"start":{"line":168,"column":45},"end":{"line":183,"column":5}},"line":168},"10":{"name":"(anonymous_10)","decl":{"start":{"line":190,"column":42},"end":{"line":190,"column":43}},"loc":{"start":{"line":190,"column":52},"end":{"line":203,"column":5}},"line":190},"11":{"name":"(anonymous_11)","decl":{"start":{"line":206,"column":37},"end":{"line":206,"column":38}},"loc":{"start":{"line":206,"column":47},"end":{"line":220,"column":5}},"line":206},"12":{"name":"(anonymous_12)","decl":{"start":{"line":223,"column":42},"end":{"line":223,"column":43}},"loc":{"start":{"line":223,"column":48},"end":{"line":228,"column":5}},"line":223},"13":{"name":"(anonymous_13)","decl":{"start":{"line":234,"column":28},"end":{"line":234,"column":29}},"loc":{"start":{"line":234,"column":34},"end":{"line":256,"column":5}},"line":234},"14":{"name":"(anonymous_14)","decl":{"start":{"line":259,"column":23},"end":{"line":259,"column":24}},"loc":{"start":{"line":259,"column":34},"end":{"line":261,"column":5}},"line":259},"15":{"name":"(anonymous_15)","decl":{"start":{"line":269,"column":25},"end":{"line":269,"column":26}},"loc":{"start":{"line":269,"column":55},"end":{"line":278,"column":1}},"line":269},"16":{"name":"(anonymous_16)","decl":{"start":{"line":280,"column":22},"end":{"line":280,"column":23}},"loc":{"start":{"line":280,"column":46},"end":{"line":286,"column":1}},"line":280},"17":{"name":"(anonymous_17)","decl":{"start":{"line":288,"column":23},"end":{"line":288,"column":24}},"loc":{"start":{"line":288,"column":29},"end":{"line":290,"column":1}},"line":288},"18":{"name":"(anonymous_18)","decl":{"start":{"line":292,"column":21},"end":{"line":292,"column":22}},"loc":{"start":{"line":292,"column":33},"end":{"line":294,"column":1}},"line":292}},"branchMap":{"0":{"loc":{"start":{"line":12,"column":14},"end":{"line":12,"column":65}},"type":"binary-expr","locations":[{"start":{"line":12,"column":14},"end":{"line":12,"column":38}},{"start":{"line":12,"column":42},"end":{"line":12,"column":65}}],"line":12},"1":{"loc":{"start":{"line":22,"column":4},"end":{"line":24,"column":5}},"type":"if","locations":[{"start":{"line":22,"column":4},"end":{"line":24,"column":5}},{"start":{},"end":{}}],"line":22},"2":{"loc":{"start":{"line":39,"column":21},"end":{"line":39,"column":64}},"type":"binary-expr","locations":[{"start":{"line":39,"column":21},"end":{"line":39,"column":51}},{"start":{"line":39,"column":55},"end":{"line":39,"column":64}}],"line":39},"3":{"loc":{"start":{"line":49,"column":4},"end":{"line":51,"column":5}},"type":"if","locations":[{"start":{"line":49,"column":4},"end":{"line":51,"column":5}},{"start":{},"end":{}}],"line":49},"4":{"loc":{"start":{"line":129,"column":15},"end":{"line":129,"column":37}},"type":"binary-expr","locations":[{"start":{"line":129,"column":15},"end":{"line":129,"column":25}},{"start":{"line":129,"column":29},"end":{"line":129,"column":37}}],"line":129},"5":{"loc":{"start":{"line":131,"column":14},"end":{"line":131,"column":29}},"type":"binary-expr","locations":[{"start":{"line":131,"column":14},"end":{"line":131,"column":23}},{"start":{"line":131,"column":27},"end":{"line":131,"column":29}}],"line":131},"6":{"loc":{"start":{"line":142,"column":31},"end":{"line":142,"column":70}},"type":"binary-expr","locations":[{"start":{"line":142,"column":31},"end":{"line":142,"column":64}},{"start":{"line":142,"column":68},"end":{"line":142,"column":70}}],"line":142},"7":{"loc":{"start":{"line":169,"column":6},"end":{"line":172,"column":7}},"type":"if","locations":[{"start":{"line":169,"column":6},"end":{"line":172,"column":7}},{"start":{},"end":{}}],"line":169},"8":{"loc":{"start":{"line":237,"column":30},"end":{"line":237,"column":59}},"type":"binary-expr","locations":[{"start":{"line":237,"column":30},"end":{"line":237,"column":53}},{"start":{"line":237,"column":57},"end":{"line":237,"column":59}}],"line":237},"9":{"loc":{"start":{"line":239,"column":6},"end":{"line":241,"column":7}},"type":"if","locations":[{"start":{"line":239,"column":6},"end":{"line":241,"column":7}},{"start":{},"end":{}}],"line":239},"10":{"loc":{"start":{"line":243,"column":6},"end":{"line":245,"column":7}},"type":"if","locations":[{"start":{"line":243,"column":6},"end":{"line":245,"column":7}},{"start":{},"end":{}}],"line":243},"11":{"loc":{"start":{"line":270,"column":26},"end":{"line":270,"column":55}},"type":"binary-expr","locations":[{"start":{"line":270,"column":26},"end":{"line":270,"column":49}},{"start":{"line":270,"column":53},"end":{"line":270,"column":55}}],"line":270},"12":{"loc":{"start":{"line":272,"column":2},"end":{"line":277,"column":3}},"type":"if","locations":[{"start":{"line":272,"column":2},"end":{"line":277,"column":3}},{"start":{},"end":{}}],"line":272}},"s":{"0":0,"1":0,"2":0,"3":0,"4":0,"5":0,"6":0,"7":0,"8":0,"9":0,"10":0,"11":0,"12":0,"13":0,"14":0,"15":0,"16":0,"17":0,"18":0,"19":0,"20":0,"21":0,"22":0,"23":0,"24":0,"25":0,"26":0,"27":0,"28":0,"29":0,"30":0,"31":0,"32":0,"33":0,"34":0,"35":0,"36":0,"37":0,"38":0,"39":0,"40":0,"41":0,"42":0,"43":0,"44":0,"45":0,"46":0,"47":0,"48":0,"49":0,"50":0,"51":0,"52":0,"53":0,"54":0,"55":0,"56":0,"57":0,"58":0,"59":0,"60":0,"61":0,"62":0,"63":0,"64":0,"65":0,"66":0,"67":0,"68":0,"69":0,"70":0,"71":0,"72":0,"73":0,"74":0,"75":0,"76":0,"77":0,"78":0,"79":0,"80":0,"81":0,"82":0,"83":0},"f":{"0":0,"1":0,"2":0,"3":0,"4":0,"5":0,"6":0,"7":0,"8":0,"9":0,"10":0,"11":0,"12":0,"13":0,"14":0,"15":0,"16":0,"17":0,"18":0},"b":{"0":[0,0],"1":[0,0],"2":[0,0],"3":[0,0],"4":[0,0],"5":[0,0],"6":[0,0],"7":[0,0],"8":[0,0],"9":[0,0],"10":[0,0],"11":[0,0],"12":[0,0]}}
}
